{"C:\\Users\\mwana\\Documents\\Andela\\MY-BRAND-FABRICE\\MY-BRAND-FABRICE-BACKEND\\src\\models\\contact.js":{"path":"C:\\Users\\mwana\\Documents\\Andela\\MY-BRAND-FABRICE\\MY-BRAND-FABRICE-BACKEND\\src\\models\\contact.js","statementMap":{"0":{"start":{"line":3,"column":0},"end":{"line":5,"column":3}},"1":{"start":{"line":6,"column":0},"end":{"line":6,"column":25}},"2":{"start":{"line":7,"column":16},"end":{"line":7,"column":59}},"3":{"start":{"line":8,"column":39},"end":{"line":8,"column":93}},"4":{"start":{"line":9,"column":22},"end":{"line":25,"column":2}},"5":{"start":{"line":26,"column":15},"end":{"line":26,"column":64}},"6":{"start":{"line":27,"column":0},"end":{"line":27,"column":27}}},"fnMap":{"0":{"name":"_interopRequireDefault","decl":{"start":{"line":8,"column":9},"end":{"line":8,"column":31}},"loc":{"start":{"line":8,"column":37},"end":{"line":8,"column":95}},"line":8}},"branchMap":{"0":{"loc":{"start":{"line":8,"column":46},"end":{"line":8,"column":92}},"type":"cond-expr","locations":[{"start":{"line":8,"column":70},"end":{"line":8,"column":73}},{"start":{"line":8,"column":76},"end":{"line":8,"column":92}}],"line":8},"1":{"loc":{"start":{"line":8,"column":46},"end":{"line":8,"column":67}},"type":"binary-expr","locations":[{"start":{"line":8,"column":46},"end":{"line":8,"column":49}},{"start":{"line":8,"column":53},"end":{"line":8,"column":67}}],"line":8}},"s":{"0":1,"1":1,"2":1,"3":1,"4":1,"5":1,"6":1},"f":{"0":1},"b":{"0":[0,1],"1":[1,1]},"inputSourceMap":{"version":3,"names":["contactSchema","mongoose","Schema","name","type","String","required","minlength","maxlength","email","match","message","model"],"sourceRoot":"C:\\Users\\mwana\\Documents\\Andela\\MY-BRAND-FABRICE\\MY-BRAND-FABRICE-BACKEND\\src\\models\\","sources":["contact.js"],"sourcesContent":["import mongoose from \"mongoose\";\n\nconst contactSchema = new mongoose.Schema({\n  name: {\n    type: String,\n    required: true,\n    minlength: 3,\n    maxlength: 30,\n  },\n  email: {\n    type: String,\n    required: true,\n    match: /^([\\w-\\.]+@([\\w-]+\\.)+[\\w-]{2,4})?$/,\n  },\n  message: {\n    type: String,\n    required: true,\n  },\n});\n\nexport default mongoose.model(\"contact\", contactSchema);\n"],"mappings":";;;;;;AAAA;AAAgC;AAEhC,MAAMA,aAAa,GAAG,IAAIC,iBAAQ,CAACC,MAAM,CAAC;EACxCC,IAAI,EAAE;IACJC,IAAI,EAAEC,MAAM;IACZC,QAAQ,EAAE,IAAI;IACdC,SAAS,EAAE,CAAC;IACZC,SAAS,EAAE;EACb,CAAC;EACDC,KAAK,EAAE;IACLL,IAAI,EAAEC,MAAM;IACZC,QAAQ,EAAE,IAAI;IACdI,KAAK,EAAE;EACT,CAAC;EACDC,OAAO,EAAE;IACPP,IAAI,EAAEC,MAAM;IACZC,QAAQ,EAAE;EACZ;AACF,CAAC,CAAC;AAAC,eAEYL,iBAAQ,CAACW,KAAK,CAAC,SAAS,EAAEZ,aAAa,CAAC;AAAA"},"_coverageSchema":"1a1c01bbd47fc00a2c39e90264f33305004495a9","hash":"f70e357c6113a32da93334b092be0cfb3a7516af","contentHash":"e8de981f22a88c82509c96687b5b54e14e9a017989e74b13d4046ee83042b266"},"C:\\Users\\mwana\\Documents\\Andela\\MY-BRAND-FABRICE\\MY-BRAND-FABRICE-BACKEND\\src\\index.js":{"path":"C:\\Users\\mwana\\Documents\\Andela\\MY-BRAND-FABRICE\\MY-BRAND-FABRICE-BACKEND\\src\\index.js","statementMap":{"0":{"start":{"line":3,"column":0},"end":{"line":5,"column":3}},"1":{"start":{"line":6,"column":0},"end":{"line":6,"column":25}},"2":{"start":{"line":7,"column":15},"end":{"line":7,"column":57}},"3":{"start":{"line":8,"column":14},"end":{"line":8,"column":55}},"4":{"start":{"line":9,"column":16},"end":{"line":9,"column":59}},"5":{"start":{"line":10,"column":15},"end":{"line":10,"column":66}},"6":{"start":{"line":11,"column":12},"end":{"line":11,"column":60}},"7":{"start":{"line":12,"column":13},"end":{"line":12,"column":62}},"8":{"start":{"line":13,"column":12},"end":{"line":13,"column":60}},"9":{"start":{"line":14,"column":21},"end":{"line":14,"column":71}},"10":{"start":{"line":15,"column":24},"end":{"line":15,"column":77}},"11":{"start":{"line":16,"column":39},"end":{"line":16,"column":93}},"12":{"start":{"line":17,"column":0},"end":{"line":17,"column":25}},"13":{"start":{"line":18,"column":0},"end":{"line":18,"column":43}},"14":{"start":{"line":19,"column":12},"end":{"line":19,"column":35}},"15":{"start":{"line":22,"column":4},"end":{"line":22,"column":15}},"16":{"start":{"line":23,"column":0},"end":{"line":23,"column":33}},"17":{"start":{"line":24,"column":0},"end":{"line":24,"column":34}},"18":{"start":{"line":25,"column":0},"end":{"line":25,"column":31}},"19":{"start":{"line":26,"column":0},"end":{"line":26,"column":32}},"20":{"start":{"line":27,"column":0},"end":{"line":27,"column":31}},"21":{"start":{"line":28,"column":0},"end":{"line":28,"column":111}},"22":{"start":{"line":29,"column":0},"end":{"line":43,"column":3}},"23":{"start":{"line":33,"column":2},"end":{"line":38,"column":5}},"24":{"start":{"line":34,"column":4},"end":{"line":37,"column":7}},"25":{"start":{"line":40,"column":2},"end":{"line":42,"column":5}},"26":{"start":{"line":41,"column":4},"end":{"line":41,"column":50}},"27":{"start":{"line":44,"column":15},"end":{"line":44,"column":18}},"28":{"start":{"line":45,"column":0},"end":{"line":45,"column":27}}},"fnMap":{"0":{"name":"_interopRequireDefault","decl":{"start":{"line":16,"column":9},"end":{"line":16,"column":31}},"loc":{"start":{"line":16,"column":37},"end":{"line":16,"column":95}},"line":16},"1":{"name":"(anonymous_1)","decl":{"start":{"line":31,"column":8},"end":{"line":31,"column":9}},"loc":{"start":{"line":31,"column":14},"end":{"line":43,"column":1}},"line":31},"2":{"name":"(anonymous_2)","decl":{"start":{"line":33,"column":10},"end":{"line":33,"column":11}},"loc":{"start":{"line":33,"column":24},"end":{"line":38,"column":3}},"line":33},"3":{"name":"(anonymous_3)","decl":{"start":{"line":40,"column":19},"end":{"line":40,"column":20}},"loc":{"start":{"line":40,"column":25},"end":{"line":42,"column":3}},"line":40}},"branchMap":{"0":{"loc":{"start":{"line":16,"column":46},"end":{"line":16,"column":92}},"type":"cond-expr","locations":[{"start":{"line":16,"column":70},"end":{"line":16,"column":73}},{"start":{"line":16,"column":76},"end":{"line":16,"column":92}}],"line":16},"1":{"loc":{"start":{"line":16,"column":46},"end":{"line":16,"column":67}},"type":"binary-expr","locations":[{"start":{"line":16,"column":46},"end":{"line":16,"column":49}},{"start":{"line":16,"column":53},"end":{"line":16,"column":67}}],"line":16}},"s":{"0":1,"1":1,"2":1,"3":1,"4":1,"5":1,"6":1,"7":1,"8":1,"9":1,"10":1,"11":9,"12":1,"13":1,"14":1,"15":1,"16":1,"17":1,"18":1,"19":1,"20":1,"21":1,"22":1,"23":1,"24":0,"25":1,"26":1,"27":1,"28":1},"f":{"0":9,"1":1,"2":0,"3":1},"b":{"0":[5,4],"1":[9,9]},"inputSourceMap":{"version":3,"names":["dotenv","config","mongoose","set","app","express","PORT","process","env","use","json","contactRoutes","userRoutes","loginRoutes","blogRoutes","swaggerUI","serve","setup","docs","connect","ADMIN_NAME","ADMIN_PASSWORD","useNewUrlParser","then","req","res","status","send","message","listen","console","log"],"sourceRoot":"C:\\Users\\mwana\\Documents\\Andela\\MY-BRAND-FABRICE\\MY-BRAND-FABRICE-BACKEND\\src\\","sources":["index.js"],"sourcesContent":["import express from \"express\";\nimport dotenv from \"dotenv\";\nimport mongoose from \"mongoose\";\nimport contactRoutes from \"./routes/contact\";\nimport userRoutes from \"./routes/user\";\nimport loginRoutes from \"./routes/login\";\nimport blogRoutes from \"./routes/blog\";\n\nimport docs from \"./documentation\";\nimport swaggerUI from \"swagger-ui-express\";\n\ndotenv.config();\nmongoose.set(\"strictQuery\", true);\nconst app = express();\n\nconst { PORT } = process.env;\napp.use(express.json());\n\napp.use(\"/api\", contactRoutes);\napp.use(\"/api\", userRoutes);\napp.use(\"/api\", loginRoutes);\napp.use(\"/api\", blogRoutes);\napp.use(\"/api-docs\", swaggerUI.serve, swaggerUI.setup(docs));\n\n\nmongoose\n  .connect(\n    `mongodb+srv://${process.env.ADMIN_NAME}:${process.env.ADMIN_PASSWORD}@my-brand-fabrice.7myztk9.mongodb.net/?retryWrites=true&w=majority`,\n    { useNewUrlParser: true },\n  )\n  .then(() => {\n   \n\n    /* ------------------------ by default*--------------------*/\n    app.use((req, res) => {\n      res.status(404).send({ status: \"fail\", message: \"Endpoint not found\" });\n    });\n    /* ------------------------ by default*--------------------*/\n    app.listen(PORT, () => {\n      console.log(`server started port ${PORT}...`);\n    });\n  });\nexport default app;\n"],"mappings":";;;;;;AAAA;AACA;AACA;AACA;AACA;AACA;AACA;AAEA;AACA;AAA2C;AAE3CA,eAAM,CAACC,MAAM,EAAE;AACfC,iBAAQ,CAACC,GAAG,CAAC,aAAa,EAAE,IAAI,CAAC;AACjC,MAAMC,GAAG,GAAG,IAAAC,gBAAO,GAAE;AAErB,MAAM;EAAEC;AAAK,CAAC,GAAGC,OAAO,CAACC,GAAG;AAC5BJ,GAAG,CAACK,GAAG,CAACJ,gBAAO,CAACK,IAAI,EAAE,CAAC;AAEvBN,GAAG,CAACK,GAAG,CAAC,MAAM,EAAEE,gBAAa,CAAC;AAC9BP,GAAG,CAACK,GAAG,CAAC,MAAM,EAAEG,aAAU,CAAC;AAC3BR,GAAG,CAACK,GAAG,CAAC,MAAM,EAAEI,cAAW,CAAC;AAC5BT,GAAG,CAACK,GAAG,CAAC,MAAM,EAAEK,aAAU,CAAC;AAC3BV,GAAG,CAACK,GAAG,CAAC,WAAW,EAAEM,yBAAS,CAACC,KAAK,EAAED,yBAAS,CAACE,KAAK,CAACC,sBAAI,CAAC,CAAC;AAG5DhB,iBAAQ,CACLiB,OAAO,CACL,iBAAgBZ,OAAO,CAACC,GAAG,CAACY,UAAW,IAAGb,OAAO,CAACC,GAAG,CAACa,cAAe,oEAAmE,EACzI;EAAEC,eAAe,EAAE;AAAK,CAAC,CAC1B,CACAC,IAAI,CAAC,MAAM;EAGV;EACAnB,GAAG,CAACK,GAAG,CAAC,CAACe,GAAG,EAAEC,GAAG,KAAK;IACpBA,GAAG,CAACC,MAAM,CAAC,GAAG,CAAC,CAACC,IAAI,CAAC;MAAED,MAAM,EAAE,MAAM;MAAEE,OAAO,EAAE;IAAqB,CAAC,CAAC;EACzE,CAAC,CAAC;EACF;EACAxB,GAAG,CAACyB,MAAM,CAACvB,IAAI,EAAE,MAAM;IACrBwB,OAAO,CAACC,GAAG,CAAE,uBAAsBzB,IAAK,KAAI,CAAC;EAC/C,CAAC,CAAC;AACJ,CAAC,CAAC;AAAC,eACUF,GAAG;AAAA"},"_coverageSchema":"1a1c01bbd47fc00a2c39e90264f33305004495a9","hash":"a92a60879984258f493ad9786cc617fc2ef97a7d","contentHash":"0eed64b9c83626e7f5775ac45830050ae3ba72c632542f0cb540e372265752b6"},"C:\\Users\\mwana\\Documents\\Andela\\MY-BRAND-FABRICE\\MY-BRAND-FABRICE-BACKEND\\src\\routes\\contact.js":{"path":"C:\\Users\\mwana\\Documents\\Andela\\MY-BRAND-FABRICE\\MY-BRAND-FABRICE-BACKEND\\src\\routes\\contact.js","statementMap":{"0":{"start":{"line":3,"column":0},"end":{"line":5,"column":3}},"1":{"start":{"line":6,"column":0},"end":{"line":6,"column":25}},"2":{"start":{"line":7,"column":15},"end":{"line":7,"column":57}},"3":{"start":{"line":8,"column":13},"end":{"line":8,"column":44}},"4":{"start":{"line":9,"column":15},"end":{"line":9,"column":48}},"5":{"start":{"line":10,"column":39},"end":{"line":10,"column":93}},"6":{"start":{"line":11,"column":15},"end":{"line":11,"column":40}},"7":{"start":{"line":12,"column":0},"end":{"line":12,"column":42}},"8":{"start":{"line":13,"column":0},"end":{"line":13,"column":40}},"9":{"start":{"line":14,"column":0},"end":{"line":14,"column":74}},"10":{"start":{"line":15,"column":0},"end":{"line":15,"column":72}},"11":{"start":{"line":16,"column":15},"end":{"line":16,"column":21}},"12":{"start":{"line":17,"column":0},"end":{"line":17,"column":27}}},"fnMap":{"0":{"name":"_interopRequireDefault","decl":{"start":{"line":10,"column":9},"end":{"line":10,"column":31}},"loc":{"start":{"line":10,"column":37},"end":{"line":10,"column":95}},"line":10}},"branchMap":{"0":{"loc":{"start":{"line":10,"column":46},"end":{"line":10,"column":92}},"type":"cond-expr","locations":[{"start":{"line":10,"column":70},"end":{"line":10,"column":73}},{"start":{"line":10,"column":76},"end":{"line":10,"column":92}}],"line":10},"1":{"loc":{"start":{"line":10,"column":46},"end":{"line":10,"column":67}},"type":"binary-expr","locations":[{"start":{"line":10,"column":46},"end":{"line":10,"column":49}},{"start":{"line":10,"column":53},"end":{"line":10,"column":67}}],"line":10}},"s":{"0":1,"1":1,"2":1,"3":1,"4":1,"5":1,"6":1,"7":1,"8":1,"9":1,"10":1,"11":1,"12":1},"f":{"0":1},"b":{"0":[0,1],"1":[1,1]},"inputSourceMap":{"version":3,"names":["router","express","Router","post","postMsg","get","getMsg","delete","authenticat","deleteContact","countContact"],"sourceRoot":"C:\\Users\\mwana\\Documents\\Andela\\MY-BRAND-FABRICE\\MY-BRAND-FABRICE-BACKEND\\src\\routes\\","sources":["contact.js"],"sourcesContent":["import express from \"express\";\nconst router = express.Router();\nimport { authenticat }  from \"../controllers/login\";\n\nimport {\n  postMsg,\n  getMsg,\n  deleteContact,\n  countContact,\n}  from \"../controllers/contact\";\n\nrouter.post(\"/contact\", postMsg);\nrouter.get(\"/contact\", getMsg);\nrouter.delete(\"/contact/:id\", authenticat, deleteContact);\nrouter.get(\"/contact/count\", authenticat, countContact);\n\nexport default router;\n"],"mappings":";;;;;;AAAA;AAEA;AAEA;AAKiC;AARjC,MAAMA,MAAM,GAAGC,gBAAO,CAACC,MAAM,EAAE;AAU/BF,MAAM,CAACG,IAAI,CAAC,UAAU,EAAEC,gBAAO,CAAC;AAChCJ,MAAM,CAACK,GAAG,CAAC,UAAU,EAAEC,eAAM,CAAC;AAC9BN,MAAM,CAACO,MAAM,CAAC,cAAc,EAAEC,kBAAW,EAAEC,sBAAa,CAAC;AACzDT,MAAM,CAACK,GAAG,CAAC,gBAAgB,EAAEG,kBAAW,EAAEE,qBAAY,CAAC;AAAC,eAEzCV,MAAM;AAAA"},"_coverageSchema":"1a1c01bbd47fc00a2c39e90264f33305004495a9","hash":"675e6a1207443177b59d073fab56f2caddc74ecb","contentHash":"3154f3c65f25b7ecdc17c534842bb1794862624da320e20b1d0f62b8d5d4915a"},"C:\\Users\\mwana\\Documents\\Andela\\MY-BRAND-FABRICE\\MY-BRAND-FABRICE-BACKEND\\src\\controllers\\login.js":{"path":"C:\\Users\\mwana\\Documents\\Andela\\MY-BRAND-FABRICE\\MY-BRAND-FABRICE-BACKEND\\src\\controllers\\login.js","statementMap":{"0":{"start":{"line":3,"column":0},"end":{"line":5,"column":3}},"1":{"start":{"line":6,"column":0},"end":{"line":6,"column":66}},"2":{"start":{"line":7,"column":20},"end":{"line":7,"column":67}},"3":{"start":{"line":8,"column":14},"end":{"line":8,"column":55}},"4":{"start":{"line":9,"column":14},"end":{"line":9,"column":55}},"5":{"start":{"line":10,"column":12},"end":{"line":10,"column":61}},"6":{"start":{"line":11,"column":39},"end":{"line":11,"column":93}},"7":{"start":{"line":12,"column":0},"end":{"line":12,"column":25}},"8":{"start":{"line":13,"column":18},"end":{"line":13,"column":39}},"9":{"start":{"line":16,"column":14},"end":{"line":52,"column":1}},"10":{"start":{"line":17,"column":2},"end":{"line":51,"column":3}},"11":{"start":{"line":18,"column":17},"end":{"line":20,"column":6}},"12":{"start":{"line":21,"column":28},"end":{"line":21,"column":91}},"13":{"start":{"line":22,"column":4},"end":{"line":27,"column":5}},"14":{"start":{"line":23,"column":6},"end":{"line":25,"column":9}},"15":{"start":{"line":26,"column":6},"end":{"line":26,"column":13}},"16":{"start":{"line":28,"column":4},"end":{"line":34,"column":5}},"17":{"start":{"line":29,"column":6},"end":{"line":32,"column":9}},"18":{"start":{"line":33,"column":6},"end":{"line":33,"column":13}},"19":{"start":{"line":35,"column":20},"end":{"line":38,"column":5}},"20":{"start":{"line":39,"column":18},"end":{"line":39,"column":64}},"21":{"start":{"line":40,"column":4},"end":{"line":40,"column":54}},"22":{"start":{"line":41,"column":4},"end":{"line":45,"column":7}},"23":{"start":{"line":47,"column":4},"end":{"line":50,"column":7}},"24":{"start":{"line":72,"column":0},"end":{"line":72,"column":22}},"25":{"start":{"line":73,"column":19},"end":{"line":96,"column":1}},"26":{"start":{"line":74,"column":2},"end":{"line":95,"column":3}},"27":{"start":{"line":75,"column":18},"end":{"line":75,"column":43}},"28":{"start":{"line":76,"column":4},"end":{"line":81,"column":5}},"29":{"start":{"line":77,"column":6},"end":{"line":80,"column":9}},"30":{"start":{"line":82,"column":20},"end":{"line":82,"column":66}},"31":{"start":{"line":83,"column":17},"end":{"line":85,"column":6}},"32":{"start":{"line":86,"column":4},"end":{"line":89,"column":7}},"33":{"start":{"line":91,"column":4},"end":{"line":94,"column":7}},"34":{"start":{"line":99,"column":0},"end":{"line":99,"column":32}},"35":{"start":{"line":100,"column":20},"end":{"line":112,"column":1}},"36":{"start":{"line":101,"column":2},"end":{"line":111,"column":3}},"37":{"start":{"line":102,"column":18},"end":{"line":102,"column":43}},"38":{"start":{"line":103,"column":20},"end":{"line":103,"column":66}},"39":{"start":{"line":104,"column":4},"end":{"line":104,"column":23}},"40":{"start":{"line":105,"column":4},"end":{"line":105,"column":11}},"41":{"start":{"line":107,"column":4},"end":{"line":110,"column":7}},"42":{"start":{"line":115,"column":0},"end":{"line":115,"column":34}}},"fnMap":{"0":{"name":"_interopRequireDefault","decl":{"start":{"line":11,"column":9},"end":{"line":11,"column":31}},"loc":{"start":{"line":11,"column":37},"end":{"line":11,"column":95}},"line":11},"1":{"name":"(anonymous_1)","decl":{"start":{"line":16,"column":14},"end":{"line":16,"column":15}},"loc":{"start":{"line":16,"column":34},"end":{"line":52,"column":1}},"line":16},"2":{"name":"(anonymous_2)","decl":{"start":{"line":73,"column":19},"end":{"line":73,"column":20}},"loc":{"start":{"line":73,"column":39},"end":{"line":96,"column":1}},"line":73},"3":{"name":"(anonymous_3)","decl":{"start":{"line":100,"column":20},"end":{"line":100,"column":21}},"loc":{"start":{"line":100,"column":40},"end":{"line":112,"column":1}},"line":100}},"branchMap":{"0":{"loc":{"start":{"line":11,"column":46},"end":{"line":11,"column":92}},"type":"cond-expr","locations":[{"start":{"line":11,"column":70},"end":{"line":11,"column":73}},{"start":{"line":11,"column":76},"end":{"line":11,"column":92}}],"line":11},"1":{"loc":{"start":{"line":11,"column":46},"end":{"line":11,"column":67}},"type":"binary-expr","locations":[{"start":{"line":11,"column":46},"end":{"line":11,"column":49}},{"start":{"line":11,"column":53},"end":{"line":11,"column":67}}],"line":11},"2":{"loc":{"start":{"line":22,"column":4},"end":{"line":27,"column":5}},"type":"if","locations":[{"start":{"line":22,"column":4},"end":{"line":27,"column":5}},{"start":{"line":22,"column":4},"end":{"line":27,"column":5}}],"line":22},"3":{"loc":{"start":{"line":28,"column":4},"end":{"line":34,"column":5}},"type":"if","locations":[{"start":{"line":28,"column":4},"end":{"line":34,"column":5}},{"start":{"line":28,"column":4},"end":{"line":34,"column":5}}],"line":28},"4":{"loc":{"start":{"line":76,"column":4},"end":{"line":81,"column":5}},"type":"if","locations":[{"start":{"line":76,"column":4},"end":{"line":81,"column":5}},{"start":{"line":76,"column":4},"end":{"line":81,"column":5}}],"line":76}},"s":{"0":1,"1":1,"2":1,"3":1,"4":1,"5":1,"6":4,"7":1,"8":1,"9":1,"10":4,"11":4,"12":4,"13":3,"14":0,"15":0,"16":3,"17":2,"18":2,"19":1,"20":1,"21":1,"22":1,"23":1,"24":1,"25":1,"26":2,"27":2,"28":2,"29":1,"30":2,"31":0,"32":0,"33":2,"34":1,"35":1,"36":0,"37":0,"38":0,"39":0,"40":0,"41":0,"42":1},"f":{"0":4,"1":4,"2":2,"3":0},"b":{"0":[1,3],"1":[4,4],"2":[0,3],"3":[2,1],"4":[1,1]},"inputSourceMap":{"version":3,"names":["dotenv","config","secretKey","process","env","SECRETKEY","login","req","res","user","User","findOne","username","body","isPasswordValid","bcrypt","compare","password","status","send","error","message","payload","userId","_id","token","jwt","sign","setHeader","data","getProfile","headers","authorization","decoded","verify","authenticat","next"],"sourceRoot":"C:\\Users\\mwana\\Documents\\Andela\\MY-BRAND-FABRICE\\MY-BRAND-FABRICE-BACKEND\\src\\controllers\\","sources":["login.js"],"sourcesContent":["import jwt from \"jsonwebtoken\";\nimport bcrypt from \"bcrypt\";\nimport dotenv from \"dotenv\";\nimport User from \"../models/user\";\n\ndotenv.config();\nconst secretKey = process.env.SECRETKEY;\n\n/*= ====================================================USER LOGIN========================================= */\nexport const login = async (req, res) => {\n  try {\n    const user = await User.findOne({ username: req.body.username });\n    const isPasswordValid = await bcrypt.compare(\n      req.body.password,\n      user.password\n    );\n\n    if (!user) {\n      res.status(401).send({ error: \"Invalid username\" });\n      return;\n    }\n\n    if (!isPasswordValid) {\n      res.status(401).send({ status: \"fail\", message: \"Invalid password\" });\n      return;\n    }\n\n    const payload = {\n      userId: user._id,\n      username: user.username,\n    };\n    const token = jwt.sign(payload, secretKey);\n    res.setHeader(\"Authorization\", `Bearer ${token}`);\n    res.send({\n      status: \"success\",\n      message: `welcome ${user.username} `,\n      data: token,\n    });\n  } catch (error) {\n    res.status(404).send({ status: \"fail\", message: \"Error logging in\" });\n  }\n};\n\n/*= ====================================================USER LOGIN========================================= */\n\n/*= ====================================================USER PROFILE========================================= */\n\n// export const getProfile = async (req, res) => {\n//   try {\n//     const token = req.headers.authorization;\n\n//     const decoded = jwt.verify(token, secretKey);\n\n//     const user = await User.findOne({ _id: decoded.userId });\n\n//     res.send({ status: \"success\", data: user });\n//   } catch (error) {\n//     res.status(401).send({ status: \"fail\", error: \"Unauthorized\" });\n//   }\n// };\n/*= ====================================================USER PROFILE========================================= */\nexport const getProfile = async (req, res) => {\n  try {\n    const token = req.headers.authorization;\n    if (!token) {\n      res.status(401).send({ status: \"fail\", error: \"Unauthorized\" });\n    }\n    const decoded = jwt.verify(token, secretKey);\n    const user = await User.findOne({ _id: decoded.userId });\n    res.send({ status: \"success\", data: user });\n  } catch (error) {\n    res.status(401).send({ status: \"fail\", error: \"Unauthorized\" });\n  }\n};\n\n/*= ====================================================USER AUTHOTICATION========================================= */\n\nexport const authenticat = (req, res, next) => {\n  try {\n    const token = req.headers.authorization;\n    const decoded = jwt.verify(token, secretKey);\n    req.user = decoded;\n    next();\n  } catch (error) {\n    res.status(401).send({ status: \"fail\", message: \"Unauthorized\" });\n  }\n};\n\n/*= ====================================================USER AUTHOTICATION========================================= */\n"],"mappings":";;;;;;AAAA;AACA;AACA;AACA;AAAkC;AAElCA,eAAM,CAACC,MAAM,EAAE;AACf,MAAMC,SAAS,GAAGC,OAAO,CAACC,GAAG,CAACC,SAAS;;AAEvC;AACO,MAAMC,KAAK,GAAG,OAAOC,GAAG,EAAEC,GAAG,KAAK;EACvC,IAAI;IACF,MAAMC,IAAI,GAAG,MAAMC,aAAI,CAACC,OAAO,CAAC;MAAEC,QAAQ,EAAEL,GAAG,CAACM,IAAI,CAACD;IAAS,CAAC,CAAC;IAChE,MAAME,eAAe,GAAG,MAAMC,eAAM,CAACC,OAAO,CAC1CT,GAAG,CAACM,IAAI,CAACI,QAAQ,EACjBR,IAAI,CAACQ,QAAQ,CACd;IAED,IAAI,CAACR,IAAI,EAAE;MACTD,GAAG,CAACU,MAAM,CAAC,GAAG,CAAC,CAACC,IAAI,CAAC;QAAEC,KAAK,EAAE;MAAmB,CAAC,CAAC;MACnD;IACF;IAEA,IAAI,CAACN,eAAe,EAAE;MACpBN,GAAG,CAACU,MAAM,CAAC,GAAG,CAAC,CAACC,IAAI,CAAC;QAAED,MAAM,EAAE,MAAM;QAAEG,OAAO,EAAE;MAAmB,CAAC,CAAC;MACrE;IACF;IAEA,MAAMC,OAAO,GAAG;MACdC,MAAM,EAAEd,IAAI,CAACe,GAAG;MAChBZ,QAAQ,EAAEH,IAAI,CAACG;IACjB,CAAC;IACD,MAAMa,KAAK,GAAGC,qBAAG,CAACC,IAAI,CAACL,OAAO,EAAEpB,SAAS,CAAC;IAC1CM,GAAG,CAACoB,SAAS,CAAC,eAAe,EAAG,UAASH,KAAM,EAAC,CAAC;IACjDjB,GAAG,CAACW,IAAI,CAAC;MACPD,MAAM,EAAE,SAAS;MACjBG,OAAO,EAAG,WAAUZ,IAAI,CAACG,QAAS,GAAE;MACpCiB,IAAI,EAAEJ;IACR,CAAC,CAAC;EACJ,CAAC,CAAC,OAAOL,KAAK,EAAE;IACdZ,GAAG,CAACU,MAAM,CAAC,GAAG,CAAC,CAACC,IAAI,CAAC;MAAED,MAAM,EAAE,MAAM;MAAEG,OAAO,EAAE;IAAmB,CAAC,CAAC;EACvE;AACF,CAAC;;AAED;;AAEA;;AAEA;AACA;AACA;;AAEA;;AAEA;;AAEA;AACA;AACA;AACA;AACA;AACA;AAAA;AACO,MAAMS,UAAU,GAAG,OAAOvB,GAAG,EAAEC,GAAG,KAAK;EAC5C,IAAI;IACF,MAAMiB,KAAK,GAAGlB,GAAG,CAACwB,OAAO,CAACC,aAAa;IACvC,IAAI,CAACP,KAAK,EAAE;MACVjB,GAAG,CAACU,MAAM,CAAC,GAAG,CAAC,CAACC,IAAI,CAAC;QAAED,MAAM,EAAE,MAAM;QAAEE,KAAK,EAAE;MAAe,CAAC,CAAC;IACjE;IACA,MAAMa,OAAO,GAAGP,qBAAG,CAACQ,MAAM,CAACT,KAAK,EAAEvB,SAAS,CAAC;IAC5C,MAAMO,IAAI,GAAG,MAAMC,aAAI,CAACC,OAAO,CAAC;MAAEa,GAAG,EAAES,OAAO,CAACV;IAAO,CAAC,CAAC;IACxDf,GAAG,CAACW,IAAI,CAAC;MAAED,MAAM,EAAE,SAAS;MAAEW,IAAI,EAAEpB;IAAK,CAAC,CAAC;EAC7C,CAAC,CAAC,OAAOW,KAAK,EAAE;IACdZ,GAAG,CAACU,MAAM,CAAC,GAAG,CAAC,CAACC,IAAI,CAAC;MAAED,MAAM,EAAE,MAAM;MAAEE,KAAK,EAAE;IAAe,CAAC,CAAC;EACjE;AACF,CAAC;;AAED;AAAA;AAEO,MAAMe,WAAW,GAAG,CAAC5B,GAAG,EAAEC,GAAG,EAAE4B,IAAI,KAAK;EAC7C,IAAI;IACF,MAAMX,KAAK,GAAGlB,GAAG,CAACwB,OAAO,CAACC,aAAa;IACvC,MAAMC,OAAO,GAAGP,qBAAG,CAACQ,MAAM,CAACT,KAAK,EAAEvB,SAAS,CAAC;IAC5CK,GAAG,CAACE,IAAI,GAAGwB,OAAO;IAClBG,IAAI,EAAE;EACR,CAAC,CAAC,OAAOhB,KAAK,EAAE;IACdZ,GAAG,CAACU,MAAM,CAAC,GAAG,CAAC,CAACC,IAAI,CAAC;MAAED,MAAM,EAAE,MAAM;MAAEG,OAAO,EAAE;IAAe,CAAC,CAAC;EACnE;AACF,CAAC;;AAED;AAAA"},"_coverageSchema":"1a1c01bbd47fc00a2c39e90264f33305004495a9","hash":"f1aece1261e7e0c768286bba3604785b97b219ed","contentHash":"ace54d2d1d8832ea1e77d534366b6d98d201ccb1038203cf13a6639998180485"},"C:\\Users\\mwana\\Documents\\Andela\\MY-BRAND-FABRICE\\MY-BRAND-FABRICE-BACKEND\\src\\models\\user.js":{"path":"C:\\Users\\mwana\\Documents\\Andela\\MY-BRAND-FABRICE\\MY-BRAND-FABRICE-BACKEND\\src\\models\\user.js","statementMap":{"0":{"start":{"line":3,"column":0},"end":{"line":5,"column":3}},"1":{"start":{"line":6,"column":0},"end":{"line":6,"column":25}},"2":{"start":{"line":7,"column":17},"end":{"line":7,"column":36}},"3":{"start":{"line":8,"column":19},"end":{"line":14,"column":2}},"4":{"start":{"line":15,"column":15},"end":{"line":15,"column":49}},"5":{"start":{"line":16,"column":0},"end":{"line":16,"column":27}}},"fnMap":{},"branchMap":{},"s":{"0":1,"1":1,"2":1,"3":1,"4":1,"5":1},"f":{},"b":{},"inputSourceMap":{"version":3,"names":["mongoose","require","userSchema","Schema","email","username","gender","password","confirmPassword","model"],"sourceRoot":"C:\\Users\\mwana\\Documents\\Andela\\MY-BRAND-FABRICE\\MY-BRAND-FABRICE-BACKEND\\src\\models\\","sources":["user.js"],"sourcesContent":["const mongoose = require(\"mongoose\");\n\nconst userSchema = mongoose.Schema({\n  email: \"String\",\n  username: \"String\",\n  gender: \"String\",\n  password: \"String\",\n  confirmPassword: \"String\",\n});\n\nexport default mongoose.model(\"user\", userSchema);\n"],"mappings":";;;;;;AAAA,MAAMA,QAAQ,GAAGC,OAAO,CAAC,UAAU,CAAC;AAEpC,MAAMC,UAAU,GAAGF,QAAQ,CAACG,MAAM,CAAC;EACjCC,KAAK,EAAE,QAAQ;EACfC,QAAQ,EAAE,QAAQ;EAClBC,MAAM,EAAE,QAAQ;EAChBC,QAAQ,EAAE,QAAQ;EAClBC,eAAe,EAAE;AACnB,CAAC,CAAC;AAAC,eAEYR,QAAQ,CAACS,KAAK,CAAC,MAAM,EAAEP,UAAU,CAAC;AAAA"},"_coverageSchema":"1a1c01bbd47fc00a2c39e90264f33305004495a9","hash":"03ea576dfb5deec46457960c39ae2299e7fd0323","contentHash":"49eb1cb04fbd274349aa92e776ce0d2940de1cdcd1165975521cb6a64fe9b4be"},"C:\\Users\\mwana\\Documents\\Andela\\MY-BRAND-FABRICE\\MY-BRAND-FABRICE-BACKEND\\src\\controllers\\contact.js":{"path":"C:\\Users\\mwana\\Documents\\Andela\\MY-BRAND-FABRICE\\MY-BRAND-FABRICE-BACKEND\\src\\controllers\\contact.js","statementMap":{"0":{"start":{"line":3,"column":0},"end":{"line":5,"column":3}},"1":{"start":{"line":6,"column":0},"end":{"line":6,"column":107}},"2":{"start":{"line":7,"column":15},"end":{"line":7,"column":67}},"3":{"start":{"line":8,"column":39},"end":{"line":8,"column":93}},"4":{"start":{"line":11,"column":15},"end":{"line":24,"column":1}},"5":{"start":{"line":12,"column":2},"end":{"line":23,"column":3}},"6":{"start":{"line":13,"column":18},"end":{"line":13,"column":47}},"7":{"start":{"line":14,"column":4},"end":{"line":17,"column":7}},"8":{"start":{"line":19,"column":4},"end":{"line":19,"column":20}},"9":{"start":{"line":20,"column":4},"end":{"line":22,"column":7}},"10":{"start":{"line":29,"column":0},"end":{"line":29,"column":24}},"11":{"start":{"line":30,"column":16},"end":{"line":55,"column":1}},"12":{"start":{"line":31,"column":2},"end":{"line":54,"column":3}},"13":{"start":{"line":32,"column":17},"end":{"line":36,"column":6}},"14":{"start":{"line":37,"column":4},"end":{"line":37,"column":22}},"15":{"start":{"line":38,"column":4},"end":{"line":48,"column":5}},"16":{"start":{"line":39,"column":6},"end":{"line":42,"column":9}},"17":{"start":{"line":44,"column":6},"end":{"line":47,"column":9}},"18":{"start":{"line":50,"column":4},"end":{"line":53,"column":7}},"19":{"start":{"line":60,"column":0},"end":{"line":60,"column":26}},"20":{"start":{"line":61,"column":22},"end":{"line":86,"column":1}},"21":{"start":{"line":62,"column":2},"end":{"line":85,"column":3}},"22":{"start":{"line":63,"column":28},"end":{"line":65,"column":6}},"23":{"start":{"line":66,"column":4},"end":{"line":72,"column":5}},"24":{"start":{"line":67,"column":6},"end":{"line":70,"column":9}},"25":{"start":{"line":71,"column":6},"end":{"line":71,"column":13}},"26":{"start":{"line":73,"column":4},"end":{"line":75,"column":7}},"27":{"start":{"line":76,"column":4},"end":{"line":79,"column":7}},"28":{"start":{"line":81,"column":4},"end":{"line":84,"column":7}},"29":{"start":{"line":90,"column":0},"end":{"line":90,"column":38}},"30":{"start":{"line":91,"column":21},"end":{"line":104,"column":1}},"31":{"start":{"line":92,"column":2},"end":{"line":103,"column":3}},"32":{"start":{"line":93,"column":25},"end":{"line":93,"column":64}},"33":{"start":{"line":94,"column":4},"end":{"line":97,"column":7}},"34":{"start":{"line":99,"column":4},"end":{"line":102,"column":7}},"35":{"start":{"line":107,"column":0},"end":{"line":107,"column":36}},"36":{"start":{"line":108,"column":15},"end":{"line":113,"column":1}},"37":{"start":{"line":114,"column":0},"end":{"line":114,"column":27}}},"fnMap":{"0":{"name":"_interopRequireDefault","decl":{"start":{"line":8,"column":9},"end":{"line":8,"column":31}},"loc":{"start":{"line":8,"column":37},"end":{"line":8,"column":95}},"line":8},"1":{"name":"(anonymous_1)","decl":{"start":{"line":11,"column":15},"end":{"line":11,"column":16}},"loc":{"start":{"line":11,"column":35},"end":{"line":24,"column":1}},"line":11},"2":{"name":"(anonymous_2)","decl":{"start":{"line":30,"column":16},"end":{"line":30,"column":17}},"loc":{"start":{"line":30,"column":36},"end":{"line":55,"column":1}},"line":30},"3":{"name":"(anonymous_3)","decl":{"start":{"line":61,"column":22},"end":{"line":61,"column":23}},"loc":{"start":{"line":61,"column":42},"end":{"line":86,"column":1}},"line":61},"4":{"name":"(anonymous_4)","decl":{"start":{"line":91,"column":21},"end":{"line":91,"column":22}},"loc":{"start":{"line":91,"column":41},"end":{"line":104,"column":1}},"line":91}},"branchMap":{"0":{"loc":{"start":{"line":8,"column":46},"end":{"line":8,"column":92}},"type":"cond-expr","locations":[{"start":{"line":8,"column":70},"end":{"line":8,"column":73}},{"start":{"line":8,"column":76},"end":{"line":8,"column":92}}],"line":8},"1":{"loc":{"start":{"line":8,"column":46},"end":{"line":8,"column":67}},"type":"binary-expr","locations":[{"start":{"line":8,"column":46},"end":{"line":8,"column":49}},{"start":{"line":8,"column":53},"end":{"line":8,"column":67}}],"line":8},"2":{"loc":{"start":{"line":38,"column":4},"end":{"line":48,"column":5}},"type":"if","locations":[{"start":{"line":38,"column":4},"end":{"line":48,"column":5}},{"start":{"line":38,"column":4},"end":{"line":48,"column":5}}],"line":38},"3":{"loc":{"start":{"line":66,"column":4},"end":{"line":72,"column":5}},"type":"if","locations":[{"start":{"line":66,"column":4},"end":{"line":72,"column":5}},{"start":{"line":66,"column":4},"end":{"line":72,"column":5}}],"line":66}},"s":{"0":1,"1":1,"2":1,"3":1,"4":1,"5":1,"6":1,"7":1,"8":0,"9":0,"10":1,"11":1,"12":2,"13":2,"14":2,"15":1,"16":1,"17":0,"18":1,"19":1,"20":1,"21":0,"22":0,"23":0,"24":0,"25":0,"26":0,"27":0,"28":0,"29":1,"30":1,"31":0,"32":0,"33":0,"34":0,"35":1,"36":1,"37":1},"f":{"0":1,"1":1,"2":2,"3":0,"4":0},"b":{"0":[1,0],"1":[1,1],"2":[1,0],"3":[0,0]},"inputSourceMap":{"version":3,"names":["getMsg","req","res","query","contact","find","status","json","data","err","send","error","postMsg","post","name","body","email","message","save","_id","deleteContact","contactToDelete","findOne","params","id","deleteOne","countContact","contactCount","countDocuments"],"sourceRoot":"C:\\Users\\mwana\\Documents\\Andela\\MY-BRAND-FABRICE\\MY-BRAND-FABRICE-BACKEND\\src\\controllers\\","sources":["contact.js"],"sourcesContent":["import contact from \"../models/contact\";\n\n/* ---------------------------GET ALL MESSAGES---------------------------- */\n\nexport const getMsg = async (req, res) => {\n  try {\n    const query = await contact.find();\n    res.status(200).json({ status: \"success\", data: query });\n  } catch (err) {\n    res.status(404);\n    res.send({ error: \"Postman not found\" });\n  }\n};\n\n/* ---------------------------GET ALL MESSAGES---------------------------- */\n\n/* ---------------------------POST MESSAGES---------------------------- */\nexport const postMsg = async (req, res) => {\n  try {\n    const post = new contact({\n      name: req.body.name,\n      email: req.body.email,\n      message: req.body.message,\n    });\n    await post.save();\n    if (post._id) {\n      res.status(200).send({ status: \"success\", data: post });\n    } else {\n      res\n        .status(404)\n        .send({ status: \"fail\", message: \"Failed to create contact\" });\n    }\n  } catch (err) {\n    res.status(404).send({ status: \"fail\", message: \"Postman not found\" });\n  }\n};\n\n/* ---------------------------POST MESSAGE---------------------------- */\n\n/* ---------------------------DELETE MESSAGE---------------------------- */\n\nexport const deleteContact = async (req, res) => {\n  try {\n    const contactToDelete = await contact.findOne({ _id: req.params.id });\n    if (!contactToDelete) {\n      res.status(404).send({ status: \"fail\", message: \"message not found\" });\n      return;\n    }\n    await contact.deleteOne({ _id: req.params.id });\n    res\n      .status(200)\n      .json({ status: \"success\", message: \"message deleted successfully\" });\n  } catch (err) {\n    res.status(404).send({ status: \"fail\", message: err.message });\n  }\n};\n/* ---------------------------DELETE MESSAGE ---------------------------- */\n\n/* ---------------------------COUNT ALL MESSAGES---------------------------- */\nexport const countContact = async (req, res) => {\n  try {\n    const contactCount = await contact.countDocuments();\n    res.status(200).send({\n      status: \"success\",\n      message: `There are ${contactCount} contacts in the collection.`,\n    });\n  } catch (err) {\n    res.status(500).send({ status: \"fail\", error: \"Error counting contacts\" });\n  }\n};\n\n/* ---------------------------GET ALL MESSAGES---------------------------- */\n\nexport default {\n  postMsg,\n  getMsg,\n  deleteContact,\n  countContact,\n};\n"],"mappings":";;;;;;AAAA;AAAwC;AAExC;;AAEO,MAAMA,MAAM,GAAG,OAAOC,GAAG,EAAEC,GAAG,KAAK;EACxC,IAAI;IACF,MAAMC,KAAK,GAAG,MAAMC,gBAAO,CAACC,IAAI,EAAE;IAClCH,GAAG,CAACI,MAAM,CAAC,GAAG,CAAC,CAACC,IAAI,CAAC;MAAED,MAAM,EAAE,SAAS;MAAEE,IAAI,EAAEL;IAAM,CAAC,CAAC;EAC1D,CAAC,CAAC,OAAOM,GAAG,EAAE;IACZP,GAAG,CAACI,MAAM,CAAC,GAAG,CAAC;IACfJ,GAAG,CAACQ,IAAI,CAAC;MAAEC,KAAK,EAAE;IAAoB,CAAC,CAAC;EAC1C;AACF,CAAC;;AAED;;AAEA;AAAA;AACO,MAAMC,OAAO,GAAG,OAAOX,GAAG,EAAEC,GAAG,KAAK;EACzC,IAAI;IACF,MAAMW,IAAI,GAAG,IAAIT,gBAAO,CAAC;MACvBU,IAAI,EAAEb,GAAG,CAACc,IAAI,CAACD,IAAI;MACnBE,KAAK,EAAEf,GAAG,CAACc,IAAI,CAACC,KAAK;MACrBC,OAAO,EAAEhB,GAAG,CAACc,IAAI,CAACE;IACpB,CAAC,CAAC;IACF,MAAMJ,IAAI,CAACK,IAAI,EAAE;IACjB,IAAIL,IAAI,CAACM,GAAG,EAAE;MACZjB,GAAG,CAACI,MAAM,CAAC,GAAG,CAAC,CAACI,IAAI,CAAC;QAAEJ,MAAM,EAAE,SAAS;QAAEE,IAAI,EAAEK;MAAK,CAAC,CAAC;IACzD,CAAC,MAAM;MACLX,GAAG,CACAI,MAAM,CAAC,GAAG,CAAC,CACXI,IAAI,CAAC;QAAEJ,MAAM,EAAE,MAAM;QAAEW,OAAO,EAAE;MAA2B,CAAC,CAAC;IAClE;EACF,CAAC,CAAC,OAAOR,GAAG,EAAE;IACZP,GAAG,CAACI,MAAM,CAAC,GAAG,CAAC,CAACI,IAAI,CAAC;MAAEJ,MAAM,EAAE,MAAM;MAAEW,OAAO,EAAE;IAAoB,CAAC,CAAC;EACxE;AACF,CAAC;;AAED;;AAEA;AAAA;AAEO,MAAMG,aAAa,GAAG,OAAOnB,GAAG,EAAEC,GAAG,KAAK;EAC/C,IAAI;IACF,MAAMmB,eAAe,GAAG,MAAMjB,gBAAO,CAACkB,OAAO,CAAC;MAAEH,GAAG,EAAElB,GAAG,CAACsB,MAAM,CAACC;IAAG,CAAC,CAAC;IACrE,IAAI,CAACH,eAAe,EAAE;MACpBnB,GAAG,CAACI,MAAM,CAAC,GAAG,CAAC,CAACI,IAAI,CAAC;QAAEJ,MAAM,EAAE,MAAM;QAAEW,OAAO,EAAE;MAAoB,CAAC,CAAC;MACtE;IACF;IACA,MAAMb,gBAAO,CAACqB,SAAS,CAAC;MAAEN,GAAG,EAAElB,GAAG,CAACsB,MAAM,CAACC;IAAG,CAAC,CAAC;IAC/CtB,GAAG,CACAI,MAAM,CAAC,GAAG,CAAC,CACXC,IAAI,CAAC;MAAED,MAAM,EAAE,SAAS;MAAEW,OAAO,EAAE;IAA+B,CAAC,CAAC;EACzE,CAAC,CAAC,OAAOR,GAAG,EAAE;IACZP,GAAG,CAACI,MAAM,CAAC,GAAG,CAAC,CAACI,IAAI,CAAC;MAAEJ,MAAM,EAAE,MAAM;MAAEW,OAAO,EAAER,GAAG,CAACQ;IAAQ,CAAC,CAAC;EAChE;AACF,CAAC;AACD;;AAEA;AAAA;AACO,MAAMS,YAAY,GAAG,OAAOzB,GAAG,EAAEC,GAAG,KAAK;EAC9C,IAAI;IACF,MAAMyB,YAAY,GAAG,MAAMvB,gBAAO,CAACwB,cAAc,EAAE;IACnD1B,GAAG,CAACI,MAAM,CAAC,GAAG,CAAC,CAACI,IAAI,CAAC;MACnBJ,MAAM,EAAE,SAAS;MACjBW,OAAO,EAAG,aAAYU,YAAa;IACrC,CAAC,CAAC;EACJ,CAAC,CAAC,OAAOlB,GAAG,EAAE;IACZP,GAAG,CAACI,MAAM,CAAC,GAAG,CAAC,CAACI,IAAI,CAAC;MAAEJ,MAAM,EAAE,MAAM;MAAEK,KAAK,EAAE;IAA0B,CAAC,CAAC;EAC5E;AACF,CAAC;;AAED;AAAA;AAAA,eAEe;EACbC,OAAO;EACPZ,MAAM;EACNoB,aAAa;EACbM;AACF,CAAC;AAAA"},"_coverageSchema":"1a1c01bbd47fc00a2c39e90264f33305004495a9","hash":"c3f2a61eb81e5bcacad542587295e294acb01186","contentHash":"3b9e8f253bfef3cd74b36d370bf2b28ada0869286c957a78d145f57cbb288ad8"},"C:\\Users\\mwana\\Documents\\Andela\\MY-BRAND-FABRICE\\MY-BRAND-FABRICE-BACKEND\\src\\routes\\user.js":{"path":"C:\\Users\\mwana\\Documents\\Andela\\MY-BRAND-FABRICE\\MY-BRAND-FABRICE-BACKEND\\src\\routes\\user.js","statementMap":{"0":{"start":{"line":3,"column":0},"end":{"line":5,"column":3}},"1":{"start":{"line":6,"column":0},"end":{"line":6,"column":25}},"2":{"start":{"line":7,"column":15},"end":{"line":7,"column":57}},"3":{"start":{"line":8,"column":13},"end":{"line":8,"column":44}},"4":{"start":{"line":9,"column":12},"end":{"line":9,"column":42}},"5":{"start":{"line":10,"column":39},"end":{"line":10,"column":93}},"6":{"start":{"line":13,"column":15},"end":{"line":13,"column":40}},"7":{"start":{"line":14,"column":0},"end":{"line":14,"column":41}},"8":{"start":{"line":15,"column":0},"end":{"line":15,"column":55}},"9":{"start":{"line":16,"column":0},"end":{"line":16,"column":65}},"10":{"start":{"line":17,"column":0},"end":{"line":17,"column":63}},"11":{"start":{"line":18,"column":15},"end":{"line":18,"column":21}},"12":{"start":{"line":19,"column":0},"end":{"line":19,"column":27}}},"fnMap":{"0":{"name":"_interopRequireDefault","decl":{"start":{"line":10,"column":9},"end":{"line":10,"column":31}},"loc":{"start":{"line":10,"column":37},"end":{"line":10,"column":95}},"line":10}},"branchMap":{"0":{"loc":{"start":{"line":10,"column":46},"end":{"line":10,"column":92}},"type":"cond-expr","locations":[{"start":{"line":10,"column":70},"end":{"line":10,"column":73}},{"start":{"line":10,"column":76},"end":{"line":10,"column":92}}],"line":10},"1":{"loc":{"start":{"line":10,"column":46},"end":{"line":10,"column":67}},"type":"binary-expr","locations":[{"start":{"line":10,"column":46},"end":{"line":10,"column":49}},{"start":{"line":10,"column":53},"end":{"line":10,"column":67}}],"line":10}},"s":{"0":1,"1":1,"2":1,"3":1,"4":1,"5":1,"6":1,"7":1,"8":1,"9":1,"10":1,"11":1,"12":1},"f":{"0":1},"b":{"0":[0,1],"1":[1,1]},"inputSourceMap":{"version":3,"names":["router","express","Router","post","registerUser","get","authenticat","getUser","delete","deleteUser","countUser"],"sourceRoot":"C:\\Users\\mwana\\Documents\\Andela\\MY-BRAND-FABRICE\\MY-BRAND-FABRICE-BACKEND\\src\\routes\\","sources":["user.js"],"sourcesContent":["// eslint-disable-next-line template-literals\nimport express from 'express';\n\nconst router = express.Router();\nimport { authenticat }  from \"../controllers/login\";\nimport {\n  registerUser,\n  getUser,\n  deleteUser,\n  countUser,\n} from \"../controllers/user\";\n\nrouter.post(\"/user\", registerUser);\nrouter.get(\"/user\", authenticat, getUser);\nrouter.delete(\"/user/:id\", authenticat, deleteUser);\nrouter.get(\"/user/count\", authenticat, countUser);\nexport default  router;\n"],"mappings":";;;;;;AACA;AAGA;AACA;AAK6B;AAV7B;;AAGA,MAAMA,MAAM,GAAGC,gBAAO,CAACC,MAAM,EAAE;AAS/BF,MAAM,CAACG,IAAI,CAAC,OAAO,EAAEC,kBAAY,CAAC;AAClCJ,MAAM,CAACK,GAAG,CAAC,OAAO,EAAEC,kBAAW,EAAEC,aAAO,CAAC;AACzCP,MAAM,CAACQ,MAAM,CAAC,WAAW,EAAEF,kBAAW,EAAEG,gBAAU,CAAC;AACnDT,MAAM,CAACK,GAAG,CAAC,aAAa,EAAEC,kBAAW,EAAEI,eAAS,CAAC;AAAC,eAClCV,MAAM;AAAA"},"_coverageSchema":"1a1c01bbd47fc00a2c39e90264f33305004495a9","hash":"a6ff8102e0e7dcd492210ac9f0c3afe7c93b8dbc","contentHash":"207d023a167e7271bc1e1f932ba153a8057fc3be5e331029b08bb514ef95d987"},"C:\\Users\\mwana\\Documents\\Andela\\MY-BRAND-FABRICE\\MY-BRAND-FABRICE-BACKEND\\src\\controllers\\user.js":{"path":"C:\\Users\\mwana\\Documents\\Andela\\MY-BRAND-FABRICE\\MY-BRAND-FABRICE-BACKEND\\src\\controllers\\user.js","statementMap":{"0":{"start":{"line":3,"column":0},"end":{"line":5,"column":3}},"1":{"start":{"line":6,"column":0},"end":{"line":6,"column":89}},"2":{"start":{"line":7,"column":14},"end":{"line":7,"column":55}},"3":{"start":{"line":8,"column":12},"end":{"line":8,"column":61}},"4":{"start":{"line":9,"column":39},"end":{"line":9,"column":93}},"5":{"start":{"line":12,"column":21},"end":{"line":90,"column":1}},"6":{"start":{"line":13,"column":2},"end":{"line":89,"column":3}},"7":{"start":{"line":14,"column":23},"end":{"line":14,"column":25}},"8":{"start":{"line":15,"column":27},"end":{"line":15,"column":84}},"9":{"start":{"line":16,"column":34},"end":{"line":16,"column":98}},"10":{"start":{"line":19,"column":25},"end":{"line":25,"column":6}},"11":{"start":{"line":26,"column":4},"end":{"line":32,"column":5}},"12":{"start":{"line":27,"column":6},"end":{"line":30,"column":9}},"13":{"start":{"line":31,"column":6},"end":{"line":31,"column":13}},"14":{"start":{"line":35,"column":27},"end":{"line":35,"column":98}},"15":{"start":{"line":36,"column":4},"end":{"line":42,"column":5}},"16":{"start":{"line":37,"column":6},"end":{"line":40,"column":9}},"17":{"start":{"line":41,"column":6},"end":{"line":41,"column":13}},"18":{"start":{"line":45,"column":4},"end":{"line":51,"column":5}},"19":{"start":{"line":46,"column":6},"end":{"line":49,"column":9}},"20":{"start":{"line":50,"column":6},"end":{"line":50,"column":13}},"21":{"start":{"line":54,"column":23},"end":{"line":54,"column":175}},"22":{"start":{"line":55,"column":4},"end":{"line":61,"column":5}},"23":{"start":{"line":56,"column":6},"end":{"line":59,"column":9}},"24":{"start":{"line":60,"column":6},"end":{"line":60,"column":13}},"25":{"start":{"line":64,"column":4},"end":{"line":70,"column":5}},"26":{"start":{"line":65,"column":6},"end":{"line":68,"column":9}},"27":{"start":{"line":69,"column":6},"end":{"line":69,"column":13}},"28":{"start":{"line":71,"column":17},"end":{"line":77,"column":6}},"29":{"start":{"line":78,"column":4},"end":{"line":78,"column":22}},"30":{"start":{"line":79,"column":4},"end":{"line":82,"column":7}},"31":{"start":{"line":84,"column":4},"end":{"line":84,"column":20}},"32":{"start":{"line":85,"column":4},"end":{"line":88,"column":7}},"33":{"start":{"line":94,"column":0},"end":{"line":94,"column":36}},"34":{"start":{"line":95,"column":16},"end":{"line":109,"column":1}},"35":{"start":{"line":96,"column":2},"end":{"line":108,"column":3}},"36":{"start":{"line":97,"column":18},"end":{"line":97,"column":44}},"37":{"start":{"line":98,"column":4},"end":{"line":101,"column":7}},"38":{"start":{"line":103,"column":4},"end":{"line":103,"column":20}},"39":{"start":{"line":104,"column":4},"end":{"line":107,"column":7}},"40":{"start":{"line":113,"column":0},"end":{"line":113,"column":26}},"41":{"start":{"line":114,"column":19},"end":{"line":140,"column":1}},"42":{"start":{"line":115,"column":2},"end":{"line":139,"column":3}},"43":{"start":{"line":117,"column":25},"end":{"line":119,"column":6}},"44":{"start":{"line":120,"column":4},"end":{"line":126,"column":5}},"45":{"start":{"line":121,"column":6},"end":{"line":124,"column":9}},"46":{"start":{"line":125,"column":6},"end":{"line":125,"column":13}},"47":{"start":{"line":127,"column":4},"end":{"line":129,"column":7}},"48":{"start":{"line":130,"column":4},"end":{"line":133,"column":7}},"49":{"start":{"line":135,"column":4},"end":{"line":138,"column":7}},"50":{"start":{"line":145,"column":0},"end":{"line":145,"column":32}},"51":{"start":{"line":146,"column":18},"end":{"line":160,"column":1}},"52":{"start":{"line":147,"column":2},"end":{"line":159,"column":3}},"53":{"start":{"line":149,"column":22},"end":{"line":149,"column":58}},"54":{"start":{"line":150,"column":4},"end":{"line":153,"column":7}},"55":{"start":{"line":155,"column":4},"end":{"line":158,"column":7}},"56":{"start":{"line":163,"column":0},"end":{"line":163,"column":30}}},"fnMap":{"0":{"name":"_interopRequireDefault","decl":{"start":{"line":9,"column":9},"end":{"line":9,"column":31}},"loc":{"start":{"line":9,"column":37},"end":{"line":9,"column":95}},"line":9},"1":{"name":"(anonymous_1)","decl":{"start":{"line":12,"column":21},"end":{"line":12,"column":22}},"loc":{"start":{"line":12,"column":41},"end":{"line":90,"column":1}},"line":12},"2":{"name":"(anonymous_2)","decl":{"start":{"line":95,"column":16},"end":{"line":95,"column":17}},"loc":{"start":{"line":95,"column":36},"end":{"line":109,"column":1}},"line":95},"3":{"name":"(anonymous_3)","decl":{"start":{"line":114,"column":19},"end":{"line":114,"column":20}},"loc":{"start":{"line":114,"column":39},"end":{"line":140,"column":1}},"line":114},"4":{"name":"(anonymous_4)","decl":{"start":{"line":146,"column":18},"end":{"line":146,"column":19}},"loc":{"start":{"line":146,"column":38},"end":{"line":160,"column":1}},"line":146}},"branchMap":{"0":{"loc":{"start":{"line":9,"column":46},"end":{"line":9,"column":92}},"type":"cond-expr","locations":[{"start":{"line":9,"column":70},"end":{"line":9,"column":73}},{"start":{"line":9,"column":76},"end":{"line":9,"column":92}}],"line":9},"1":{"loc":{"start":{"line":9,"column":46},"end":{"line":9,"column":67}},"type":"binary-expr","locations":[{"start":{"line":9,"column":46},"end":{"line":9,"column":49}},{"start":{"line":9,"column":53},"end":{"line":9,"column":67}}],"line":9},"2":{"loc":{"start":{"line":26,"column":4},"end":{"line":32,"column":5}},"type":"if","locations":[{"start":{"line":26,"column":4},"end":{"line":32,"column":5}},{"start":{"line":26,"column":4},"end":{"line":32,"column":5}}],"line":26},"3":{"loc":{"start":{"line":36,"column":4},"end":{"line":42,"column":5}},"type":"if","locations":[{"start":{"line":36,"column":4},"end":{"line":42,"column":5}},{"start":{"line":36,"column":4},"end":{"line":42,"column":5}}],"line":36},"4":{"loc":{"start":{"line":45,"column":4},"end":{"line":51,"column":5}},"type":"if","locations":[{"start":{"line":45,"column":4},"end":{"line":51,"column":5}},{"start":{"line":45,"column":4},"end":{"line":51,"column":5}}],"line":45},"5":{"loc":{"start":{"line":45,"column":8},"end":{"line":45,"column":66}},"type":"binary-expr","locations":[{"start":{"line":45,"column":8},"end":{"line":45,"column":34}},{"start":{"line":45,"column":38},"end":{"line":45,"column":66}}],"line":45},"6":{"loc":{"start":{"line":55,"column":4},"end":{"line":61,"column":5}},"type":"if","locations":[{"start":{"line":55,"column":4},"end":{"line":61,"column":5}},{"start":{"line":55,"column":4},"end":{"line":61,"column":5}}],"line":55},"7":{"loc":{"start":{"line":64,"column":4},"end":{"line":70,"column":5}},"type":"if","locations":[{"start":{"line":64,"column":4},"end":{"line":70,"column":5}},{"start":{"line":64,"column":4},"end":{"line":70,"column":5}}],"line":64},"8":{"loc":{"start":{"line":64,"column":8},"end":{"line":64,"column":69}},"type":"binary-expr","locations":[{"start":{"line":64,"column":8},"end":{"line":64,"column":36}},{"start":{"line":64,"column":40},"end":{"line":64,"column":69}}],"line":64},"9":{"loc":{"start":{"line":120,"column":4},"end":{"line":126,"column":5}},"type":"if","locations":[{"start":{"line":120,"column":4},"end":{"line":126,"column":5}},{"start":{"line":120,"column":4},"end":{"line":126,"column":5}}],"line":120}},"s":{"0":1,"1":1,"2":1,"3":1,"4":2,"5":1,"6":1,"7":1,"8":1,"9":1,"10":1,"11":1,"12":0,"13":0,"14":1,"15":1,"16":0,"17":0,"18":1,"19":0,"20":0,"21":1,"22":1,"23":0,"24":0,"25":1,"26":0,"27":0,"28":1,"29":1,"30":1,"31":0,"32":0,"33":1,"34":1,"35":0,"36":0,"37":0,"38":0,"39":0,"40":1,"41":1,"42":0,"43":0,"44":0,"45":0,"46":0,"47":0,"48":0,"49":0,"50":1,"51":1,"52":0,"53":0,"54":0,"55":0,"56":1},"f":{"0":2,"1":1,"2":0,"3":0,"4":0},"b":{"0":[1,1],"1":[2,2],"2":[0,1],"3":[0,1],"4":[0,1],"5":[1,0],"6":[0,1],"7":[0,1],"8":[1,1],"9":[0,0]},"inputSourceMap":{"version":3,"names":["registerUser","req","res","saltRounds","hashedPassword","bcrypt","hash","body","password","hashedComfirmPassword","confirmPassword","existingUser","User","findOne","$or","email","username","status","send","message","passwordsMatch","compare","gender","emailRegex","test","length","post","save","data","getUser","query","find","deleteUser","userToDelete","_id","params","id","deleteOne","json","error","countUser","userCount","countDocuments","err"],"sourceRoot":"C:\\Users\\mwana\\Documents\\Andela\\MY-BRAND-FABRICE\\MY-BRAND-FABRICE-BACKEND\\src\\controllers\\","sources":["user.js"],"sourcesContent":["import bcrypt from \"bcrypt\";\nimport User from \"../models/user\";\n\n/*======================================REGISTER USER============================================== */\n\nexport const registerUser = async (req, res) => {\n  try {\n    const saltRounds = 10;\n    const hashedPassword = await bcrypt.hash(req.body.password, saltRounds);\n    const hashedComfirmPassword = await bcrypt.hash(\n      req.body.confirmPassword,\n      saltRounds\n    );\n\n    // check if the email or username is already registered\n    const existingUser = await User.findOne({\n      $or: [{ email: req.body.email }, { username: req.body.username }],\n    });\n\n    if (existingUser) {\n      res\n        .status(400)\n        .send({ status: \"fail\", message: \"Email or username already exists\" });\n      return;\n    }\n\n    // Check if password and confirmPassword match\n    const passwordsMatch = await bcrypt.compare(\n      req.body.password,\n      hashedComfirmPassword\n    );\n\n    if (!passwordsMatch) {\n      res.status(400).send({\n        status: \"fail\",\n        message: \"Password and Confirm Password do not match\",\n      });\n      return;\n    }\n\n    // check if gender is either Male or Female\n    if (req.body.gender !== \"Male\" && req.body.gender !== \"Female\") {\n      res.status(400).send({ status: \"fail\", message: \"Invalid Gender\" });\n      return;\n    }\n\n    // validate email\n    const emailRegex =\n      /^(([^<>()\\[\\]\\\\.,;:\\s@\"]+(\\.[^<>()\\[\\]\\\\.,;:\\s@\"]+)*)|(\".+\"))@((\\[[0-9]{1,3}\\.[0-9]{1,3}\\.[0-9]{1,3}\\.[0-9]{1,3}])|(([a-zA-Z\\-0-9]+\\.)+[a-zA-Z]{2,}))$/;\n    if (!emailRegex.test(req.body.email)) {\n      res.status(400).send({ status: \"fail\", message: \"Invalid Email\" });\n      return;\n    }\n\n    // validate username length\n    if (req.body.username.length < 3 || req.body.username.length > 15) {\n      res.status(400).send({\n        status: \"fail\",\n        message: \"Username must be between 3 and 15 characters\",\n      });\n      return;\n    }\n\n    const post = new User({\n      email: req.body.email,\n      username: req.body.username,\n      gender: req.body.gender,\n      password: hashedPassword,\n      confirmPassword: hashedComfirmPassword,\n    });\n    await post.save();\n    res.status(200).send({ status: \"success\", data: post });\n  } catch {\n    res.status(404);\n    res.send({ status: \"fail\", message: \"Postman not found\" });\n  }\n};\n/*======================================REGISTER USER============================================== */\n\n/*======================================GET ALL USER============================================== */\n\nexport const getUser = async (req, res) => {\n  try {\n    const query = await User.find();\n    res.status(200).send({ status: \"success\", data: query });\n  } catch {\n    res.status(404);\n    res.send({ status: \"fail\", message: \"Postman not found\" });\n  }\n};\n/*======================================GET ALL USER============================================== */\n\n/*======================================DELETE SINGLE USER============================================== */\n\nexport const deleteUser = async (req, res) => {\n  try {\n    // check if user exists\n    const userToDelete = await User.findOne({ _id: req.params.id });\n    if (!userToDelete) {\n      res.status(404).send({ status: \"fail\", message: \"user not found\" });\n      return;\n    }\n\n    await User.deleteOne({ _id: req.params.id });\n    res.status(200).json({\n      status: \"success\",\n      message: \"User deleted successfully\",\n    });\n  } catch (error) {\n    res.status(404).send({ status: \"fail\", message: \"user not found\" });\n  }\n};\n\n/*======================================DELETE SINGLE USER============================================== */\n\n/*======================================COUNT ALL USERs============================================== */\n\nexport const countUser = async (req, res) => {\n  try {\n    // Count the number of blogs in the collection\n    const userCount = await User.countDocuments();\n\n    res.status(200).send({\n      status: \"success\",\n      message: `There are ${userCount} users in the collection.`,\n    });\n  } catch (err) {\n    res.status(500).send({ status: \"fail\", message: \"Error counting users\" });\n  }\n};\n\n/*======================================COUNT ALL USER============================================== */\n\n"],"mappings":";;;;;;AAAA;AACA;AAAkC;AAElC;;AAEO,MAAMA,YAAY,GAAG,OAAOC,GAAG,EAAEC,GAAG,KAAK;EAC9C,IAAI;IACF,MAAMC,UAAU,GAAG,EAAE;IACrB,MAAMC,cAAc,GAAG,MAAMC,eAAM,CAACC,IAAI,CAACL,GAAG,CAACM,IAAI,CAACC,QAAQ,EAAEL,UAAU,CAAC;IACvE,MAAMM,qBAAqB,GAAG,MAAMJ,eAAM,CAACC,IAAI,CAC7CL,GAAG,CAACM,IAAI,CAACG,eAAe,EACxBP,UAAU,CACX;;IAED;IACA,MAAMQ,YAAY,GAAG,MAAMC,aAAI,CAACC,OAAO,CAAC;MACtCC,GAAG,EAAE,CAAC;QAAEC,KAAK,EAAEd,GAAG,CAACM,IAAI,CAACQ;MAAM,CAAC,EAAE;QAAEC,QAAQ,EAAEf,GAAG,CAACM,IAAI,CAACS;MAAS,CAAC;IAClE,CAAC,CAAC;IAEF,IAAIL,YAAY,EAAE;MAChBT,GAAG,CACAe,MAAM,CAAC,GAAG,CAAC,CACXC,IAAI,CAAC;QAAED,MAAM,EAAE,MAAM;QAAEE,OAAO,EAAE;MAAmC,CAAC,CAAC;MACxE;IACF;;IAEA;IACA,MAAMC,cAAc,GAAG,MAAMf,eAAM,CAACgB,OAAO,CACzCpB,GAAG,CAACM,IAAI,CAACC,QAAQ,EACjBC,qBAAqB,CACtB;IAED,IAAI,CAACW,cAAc,EAAE;MACnBlB,GAAG,CAACe,MAAM,CAAC,GAAG,CAAC,CAACC,IAAI,CAAC;QACnBD,MAAM,EAAE,MAAM;QACdE,OAAO,EAAE;MACX,CAAC,CAAC;MACF;IACF;;IAEA;IACA,IAAIlB,GAAG,CAACM,IAAI,CAACe,MAAM,KAAK,MAAM,IAAIrB,GAAG,CAACM,IAAI,CAACe,MAAM,KAAK,QAAQ,EAAE;MAC9DpB,GAAG,CAACe,MAAM,CAAC,GAAG,CAAC,CAACC,IAAI,CAAC;QAAED,MAAM,EAAE,MAAM;QAAEE,OAAO,EAAE;MAAiB,CAAC,CAAC;MACnE;IACF;;IAEA;IACA,MAAMI,UAAU,GACd,wJAAwJ;IAC1J,IAAI,CAACA,UAAU,CAACC,IAAI,CAACvB,GAAG,CAACM,IAAI,CAACQ,KAAK,CAAC,EAAE;MACpCb,GAAG,CAACe,MAAM,CAAC,GAAG,CAAC,CAACC,IAAI,CAAC;QAAED,MAAM,EAAE,MAAM;QAAEE,OAAO,EAAE;MAAgB,CAAC,CAAC;MAClE;IACF;;IAEA;IACA,IAAIlB,GAAG,CAACM,IAAI,CAACS,QAAQ,CAACS,MAAM,GAAG,CAAC,IAAIxB,GAAG,CAACM,IAAI,CAACS,QAAQ,CAACS,MAAM,GAAG,EAAE,EAAE;MACjEvB,GAAG,CAACe,MAAM,CAAC,GAAG,CAAC,CAACC,IAAI,CAAC;QACnBD,MAAM,EAAE,MAAM;QACdE,OAAO,EAAE;MACX,CAAC,CAAC;MACF;IACF;IAEA,MAAMO,IAAI,GAAG,IAAId,aAAI,CAAC;MACpBG,KAAK,EAAEd,GAAG,CAACM,IAAI,CAACQ,KAAK;MACrBC,QAAQ,EAAEf,GAAG,CAACM,IAAI,CAACS,QAAQ;MAC3BM,MAAM,EAAErB,GAAG,CAACM,IAAI,CAACe,MAAM;MACvBd,QAAQ,EAAEJ,cAAc;MACxBM,eAAe,EAAED;IACnB,CAAC,CAAC;IACF,MAAMiB,IAAI,CAACC,IAAI,EAAE;IACjBzB,GAAG,CAACe,MAAM,CAAC,GAAG,CAAC,CAACC,IAAI,CAAC;MAAED,MAAM,EAAE,SAAS;MAAEW,IAAI,EAAEF;IAAK,CAAC,CAAC;EACzD,CAAC,CAAC,MAAM;IACNxB,GAAG,CAACe,MAAM,CAAC,GAAG,CAAC;IACff,GAAG,CAACgB,IAAI,CAAC;MAAED,MAAM,EAAE,MAAM;MAAEE,OAAO,EAAE;IAAoB,CAAC,CAAC;EAC5D;AACF,CAAC;AACD;;AAEA;AAAA;AAEO,MAAMU,OAAO,GAAG,OAAO5B,GAAG,EAAEC,GAAG,KAAK;EACzC,IAAI;IACF,MAAM4B,KAAK,GAAG,MAAMlB,aAAI,CAACmB,IAAI,EAAE;IAC/B7B,GAAG,CAACe,MAAM,CAAC,GAAG,CAAC,CAACC,IAAI,CAAC;MAAED,MAAM,EAAE,SAAS;MAAEW,IAAI,EAAEE;IAAM,CAAC,CAAC;EAC1D,CAAC,CAAC,MAAM;IACN5B,GAAG,CAACe,MAAM,CAAC,GAAG,CAAC;IACff,GAAG,CAACgB,IAAI,CAAC;MAAED,MAAM,EAAE,MAAM;MAAEE,OAAO,EAAE;IAAoB,CAAC,CAAC;EAC5D;AACF,CAAC;AACD;;AAEA;AAAA;AAEO,MAAMa,UAAU,GAAG,OAAO/B,GAAG,EAAEC,GAAG,KAAK;EAC5C,IAAI;IACF;IACA,MAAM+B,YAAY,GAAG,MAAMrB,aAAI,CAACC,OAAO,CAAC;MAAEqB,GAAG,EAAEjC,GAAG,CAACkC,MAAM,CAACC;IAAG,CAAC,CAAC;IAC/D,IAAI,CAACH,YAAY,EAAE;MACjB/B,GAAG,CAACe,MAAM,CAAC,GAAG,CAAC,CAACC,IAAI,CAAC;QAAED,MAAM,EAAE,MAAM;QAAEE,OAAO,EAAE;MAAiB,CAAC,CAAC;MACnE;IACF;IAEA,MAAMP,aAAI,CAACyB,SAAS,CAAC;MAAEH,GAAG,EAAEjC,GAAG,CAACkC,MAAM,CAACC;IAAG,CAAC,CAAC;IAC5ClC,GAAG,CAACe,MAAM,CAAC,GAAG,CAAC,CAACqB,IAAI,CAAC;MACnBrB,MAAM,EAAE,SAAS;MACjBE,OAAO,EAAE;IACX,CAAC,CAAC;EACJ,CAAC,CAAC,OAAOoB,KAAK,EAAE;IACdrC,GAAG,CAACe,MAAM,CAAC,GAAG,CAAC,CAACC,IAAI,CAAC;MAAED,MAAM,EAAE,MAAM;MAAEE,OAAO,EAAE;IAAiB,CAAC,CAAC;EACrE;AACF,CAAC;;AAED;;AAEA;AAAA;AAEO,MAAMqB,SAAS,GAAG,OAAOvC,GAAG,EAAEC,GAAG,KAAK;EAC3C,IAAI;IACF;IACA,MAAMuC,SAAS,GAAG,MAAM7B,aAAI,CAAC8B,cAAc,EAAE;IAE7CxC,GAAG,CAACe,MAAM,CAAC,GAAG,CAAC,CAACC,IAAI,CAAC;MACnBD,MAAM,EAAE,SAAS;MACjBE,OAAO,EAAG,aAAYsB,SAAU;IAClC,CAAC,CAAC;EACJ,CAAC,CAAC,OAAOE,GAAG,EAAE;IACZzC,GAAG,CAACe,MAAM,CAAC,GAAG,CAAC,CAACC,IAAI,CAAC;MAAED,MAAM,EAAE,MAAM;MAAEE,OAAO,EAAE;IAAuB,CAAC,CAAC;EAC3E;AACF,CAAC;;AAED;AAAA"},"_coverageSchema":"1a1c01bbd47fc00a2c39e90264f33305004495a9","hash":"877e6459c6d11031ababecc6d6e15eb9263e608a","contentHash":"288b83c205c825eb8edd083fee627b08fee3b9be37991dd9455ffc1dddbb457b"},"C:\\Users\\mwana\\Documents\\Andela\\MY-BRAND-FABRICE\\MY-BRAND-FABRICE-BACKEND\\src\\routes\\login.js":{"path":"C:\\Users\\mwana\\Documents\\Andela\\MY-BRAND-FABRICE\\MY-BRAND-FABRICE-BACKEND\\src\\routes\\login.js","statementMap":{"0":{"start":{"line":3,"column":0},"end":{"line":5,"column":3}},"1":{"start":{"line":6,"column":0},"end":{"line":6,"column":25}},"2":{"start":{"line":7,"column":15},"end":{"line":7,"column":57}},"3":{"start":{"line":8,"column":39},"end":{"line":8,"column":93}},"4":{"start":{"line":9,"column":15},"end":{"line":9,"column":40}},"5":{"start":{"line":13,"column":4},"end":{"line":13,"column":35}},"6":{"start":{"line":14,"column":0},"end":{"line":14,"column":29}},"7":{"start":{"line":15,"column":0},"end":{"line":15,"column":35}},"8":{"start":{"line":16,"column":15},"end":{"line":16,"column":21}},"9":{"start":{"line":17,"column":0},"end":{"line":17,"column":27}}},"fnMap":{"0":{"name":"_interopRequireDefault","decl":{"start":{"line":8,"column":9},"end":{"line":8,"column":31}},"loc":{"start":{"line":8,"column":37},"end":{"line":8,"column":95}},"line":8}},"branchMap":{"0":{"loc":{"start":{"line":8,"column":46},"end":{"line":8,"column":92}},"type":"cond-expr","locations":[{"start":{"line":8,"column":70},"end":{"line":8,"column":73}},{"start":{"line":8,"column":76},"end":{"line":8,"column":92}}],"line":8},"1":{"loc":{"start":{"line":8,"column":46},"end":{"line":8,"column":67}},"type":"binary-expr","locations":[{"start":{"line":8,"column":46},"end":{"line":8,"column":49}},{"start":{"line":8,"column":53},"end":{"line":8,"column":67}}],"line":8}},"s":{"0":1,"1":1,"2":1,"3":1,"4":1,"5":1,"6":1,"7":1,"8":1,"9":1},"f":{"0":1},"b":{"0":[0,1],"1":[1,1]},"inputSourceMap":{"version":3,"names":["router","express","Router","login","getProfile","require","post","get"],"sourceRoot":"C:\\Users\\mwana\\Documents\\Andela\\MY-BRAND-FABRICE\\MY-BRAND-FABRICE-BACKEND\\src\\routes\\","sources":["login.js"],"sourcesContent":["import express from \"express\";\n\nconst router = express.Router();\nconst { login, getProfile } = require(\"../controllers/login\");\n\nrouter.post(\"/login\", login);\nrouter.get(\"/profile\", getProfile);\n\nexport default router;\n"],"mappings":";;;;;;AAAA;AAA8B;AAE9B,MAAMA,MAAM,GAAGC,gBAAO,CAACC,MAAM,EAAE;AAC/B,MAAM;EAAEC,KAAK;EAAEC;AAAW,CAAC,GAAGC,OAAO,CAAC,sBAAsB,CAAC;AAE7DL,MAAM,CAACM,IAAI,CAAC,QAAQ,EAAEH,KAAK,CAAC;AAC5BH,MAAM,CAACO,GAAG,CAAC,UAAU,EAAEH,UAAU,CAAC;AAAC,eAEpBJ,MAAM;AAAA"},"_coverageSchema":"1a1c01bbd47fc00a2c39e90264f33305004495a9","hash":"0a959f9e7f18f9cc9c1ed5a6ad993309f2176212","contentHash":"8354e394f7f9158d330add1b14c6cf359130ba8c6bb1762d5bedd0e7ba1fd708"},"C:\\Users\\mwana\\Documents\\Andela\\MY-BRAND-FABRICE\\MY-BRAND-FABRICE-BACKEND\\src\\routes\\blog.js":{"path":"C:\\Users\\mwana\\Documents\\Andela\\MY-BRAND-FABRICE\\MY-BRAND-FABRICE-BACKEND\\src\\routes\\blog.js","statementMap":{"0":{"start":{"line":3,"column":0},"end":{"line":5,"column":3}},"1":{"start":{"line":6,"column":0},"end":{"line":6,"column":25}},"2":{"start":{"line":7,"column":15},"end":{"line":7,"column":57}},"3":{"start":{"line":8,"column":14},"end":{"line":8,"column":55}},"4":{"start":{"line":9,"column":12},"end":{"line":9,"column":51}},"5":{"start":{"line":10,"column":13},"end":{"line":10,"column":44}},"6":{"start":{"line":11,"column":12},"end":{"line":11,"column":42}},"7":{"start":{"line":12,"column":39},"end":{"line":12,"column":93}},"8":{"start":{"line":13,"column":15},"end":{"line":13,"column":40}},"9":{"start":{"line":17,"column":0},"end":{"line":17,"column":27}},"10":{"start":{"line":18,"column":19},"end":{"line":18,"column":43}},"11":{"start":{"line":19,"column":0},"end":{"line":23,"column":3}},"12":{"start":{"line":28,"column":16},"end":{"line":35,"column":2}},"13":{"start":{"line":30,"column":4},"end":{"line":30,"column":61}},"14":{"start":{"line":33,"column":4},"end":{"line":33,"column":32}},"15":{"start":{"line":36,"column":15},"end":{"line":38,"column":2}},"16":{"start":{"line":43,"column":0},"end":{"line":43,"column":87}},"17":{"start":{"line":44,"column":0},"end":{"line":44,"column":39}},"18":{"start":{"line":45,"column":0},"end":{"line":45,"column":65}},"19":{"start":{"line":46,"column":0},"end":{"line":46,"column":92}},"20":{"start":{"line":47,"column":0},"end":{"line":47,"column":65}},"21":{"start":{"line":48,"column":0},"end":{"line":48,"column":100}},"22":{"start":{"line":49,"column":0},"end":{"line":49,"column":89}},"23":{"start":{"line":50,"column":0},"end":{"line":50,"column":59}},"24":{"start":{"line":51,"column":0},"end":{"line":51,"column":44}},"25":{"start":{"line":53,"column":15},"end":{"line":53,"column":21}},"26":{"start":{"line":54,"column":0},"end":{"line":54,"column":27}}},"fnMap":{"0":{"name":"_interopRequireDefault","decl":{"start":{"line":12,"column":9},"end":{"line":12,"column":31}},"loc":{"start":{"line":12,"column":37},"end":{"line":12,"column":95}},"line":12},"1":{"name":"(anonymous_1)","decl":{"start":{"line":29,"column":15},"end":{"line":29,"column":16}},"loc":{"start":{"line":29,"column":34},"end":{"line":31,"column":3}},"line":29},"2":{"name":"(anonymous_2)","decl":{"start":{"line":32,"column":12},"end":{"line":32,"column":13}},"loc":{"start":{"line":32,"column":31},"end":{"line":34,"column":3}},"line":32}},"branchMap":{"0":{"loc":{"start":{"line":12,"column":46},"end":{"line":12,"column":92}},"type":"cond-expr","locations":[{"start":{"line":12,"column":70},"end":{"line":12,"column":73}},{"start":{"line":12,"column":76},"end":{"line":12,"column":92}}],"line":12},"1":{"loc":{"start":{"line":12,"column":46},"end":{"line":12,"column":67}},"type":"binary-expr","locations":[{"start":{"line":12,"column":46},"end":{"line":12,"column":49}},{"start":{"line":12,"column":53},"end":{"line":12,"column":67}}],"line":12}},"s":{"0":1,"1":1,"2":1,"3":1,"4":1,"5":1,"6":1,"7":3,"8":1,"9":1,"10":1,"11":1,"12":1,"13":0,"14":0,"15":1,"16":1,"17":1,"18":1,"19":1,"20":1,"21":1,"22":1,"23":1,"24":1,"25":1,"26":1},"f":{"0":3,"1":0,"2":0},"b":{"0":[0,3],"1":[3,3]},"inputSourceMap":{"version":3,"names":["router","express","Router","require","config","cloudinary","v2","cloud_name","process","env","CLOUDINARY_CLOUD_NAME","api_key","CLOUDINARY_API_KEY","api_secret","CLOUDINARY_API_SECRET","storage","multer","diskStorage","destination","req","file","cb","path","join","__dirname","filename","originalname","upload","post","single","authenticat","createBlog","get","getAllBlogs","getSingleBlog","patch","updateBlog","delete","deleteBlog","deleteComment","addComment","countComments","countBlogs"],"sourceRoot":"C:\\Users\\mwana\\Documents\\Andela\\MY-BRAND-FABRICE\\MY-BRAND-FABRICE-BACKEND\\src\\routes\\","sources":["blog.js"],"sourcesContent":["import express from \"express\";\nimport multer from \"multer\";\nimport path from \"path\";\n\nconst router = express.Router();\n\n/*= ====================================================CLOUDINARY CONFIG============================================== */\n\nrequire(\"dotenv\").config();\nconst cloudinary = require(\"cloudinary\").v2;\n\ncloudinary.config({\n  cloud_name: process.env.CLOUDINARY_CLOUD_NAME,\n  api_key: process.env.CLOUDINARY_API_KEY,\n  api_secret: process.env.CLOUDINARY_API_SECRET,\n});\n/*= ====================================================CLOUDINARY CONFIG============================================== */\n\n/*= ====================================================UPLOAD FOLDER WITH MULTER============================================== */\n\nconst storage = multer.diskStorage({\n  destination: (req, file, cb) => {\n    cb(null, path.join(__dirname, \"..\", \"uploads\"));\n  },\n  filename: (req, file, cb) => {\n    cb(null, file.originalname);\n  },\n});\nconst upload = multer({ storage });\nimport  {authenticat}  from \"../controllers/login\";\nimport {\n  createBlog,\n  getAllBlogs,\n  getSingleBlog,\n  updateBlog,\n  deleteBlog,\n  addComment,\n  deleteComment,\n  countComments,\n  countBlogs,\n}  from \"../controllers/blog\";\n/*= ====================================================UPLOAD FOLDER WITH MULTER============================================== */\n\n/*= ====================================================ALL ENDPOINTS============================================== */\n\nrouter.post(\"/blog\", upload.single(\"blogImage\"), authenticat, createBlog);\nrouter.get(\"/blog\", getAllBlogs);\nrouter.get(\"/blog/:id\", authenticat, getSingleBlog);\nrouter.patch(\"/blog/:id\", upload.single(\"blogImage\"), authenticat, updateBlog);\nrouter.delete(\"/blog/:id\", authenticat, deleteBlog);\nrouter.delete(\n  \"/blogs/:id/comments/:id\",\n  authenticat,\n  deleteComment,\n  updateBlog,\n);\nrouter.post(\"/blog/:id/comment\", authenticat, addComment, updateBlog);\nrouter.get(\"/blog/:id/comment/count\", countComments);\nrouter.get(\"/blog/count\", countBlogs);\n/*= ====================================================ALL ENDPOINTS============================================== */\n\nexport default router;\n"],"mappings":";;;;;;AAAA;AACA;AACA;AA2BA;AACA;AAU8B;AApC9B,MAAMA,MAAM,GAAGC,gBAAO,CAACC,MAAM,EAAE;;AAE/B;;AAEAC,OAAO,CAAC,QAAQ,CAAC,CAACC,MAAM,EAAE;AAC1B,MAAMC,UAAU,GAAGF,OAAO,CAAC,YAAY,CAAC,CAACG,EAAE;AAE3CD,UAAU,CAACD,MAAM,CAAC;EAChBG,UAAU,EAAEC,OAAO,CAACC,GAAG,CAACC,qBAAqB;EAC7CC,OAAO,EAAEH,OAAO,CAACC,GAAG,CAACG,kBAAkB;EACvCC,UAAU,EAAEL,OAAO,CAACC,GAAG,CAACK;AAC1B,CAAC,CAAC;AACF;;AAEA;;AAEA,MAAMC,OAAO,GAAGC,eAAM,CAACC,WAAW,CAAC;EACjCC,WAAW,EAAE,CAACC,GAAG,EAAEC,IAAI,EAAEC,EAAE,KAAK;IAC9BA,EAAE,CAAC,IAAI,EAAEC,aAAI,CAACC,IAAI,CAACC,SAAS,EAAE,IAAI,EAAE,SAAS,CAAC,CAAC;EACjD,CAAC;EACDC,QAAQ,EAAE,CAACN,GAAG,EAAEC,IAAI,EAAEC,EAAE,KAAK;IAC3BA,EAAE,CAAC,IAAI,EAAED,IAAI,CAACM,YAAY,CAAC;EAC7B;AACF,CAAC,CAAC;AACF,MAAMC,MAAM,GAAG,IAAAX,eAAM,EAAC;EAAED;AAAQ,CAAC,CAAC;AAalC;;AAEA;;AAEAf,MAAM,CAAC4B,IAAI,CAAC,OAAO,EAAED,MAAM,CAACE,MAAM,CAAC,WAAW,CAAC,EAAEC,kBAAW,EAAEC,gBAAU,CAAC;AACzE/B,MAAM,CAACgC,GAAG,CAAC,OAAO,EAAEC,iBAAW,CAAC;AAChCjC,MAAM,CAACgC,GAAG,CAAC,WAAW,EAAEF,kBAAW,EAAEI,mBAAa,CAAC;AACnDlC,MAAM,CAACmC,KAAK,CAAC,WAAW,EAAER,MAAM,CAACE,MAAM,CAAC,WAAW,CAAC,EAAEC,kBAAW,EAAEM,gBAAU,CAAC;AAC9EpC,MAAM,CAACqC,MAAM,CAAC,WAAW,EAAEP,kBAAW,EAAEQ,gBAAU,CAAC;AACnDtC,MAAM,CAACqC,MAAM,CACX,yBAAyB,EACzBP,kBAAW,EACXS,mBAAa,EACbH,gBAAU,CACX;AACDpC,MAAM,CAAC4B,IAAI,CAAC,mBAAmB,EAAEE,kBAAW,EAAEU,gBAAU,EAAEJ,gBAAU,CAAC;AACrEpC,MAAM,CAACgC,GAAG,CAAC,yBAAyB,EAAES,mBAAa,CAAC;AACpDzC,MAAM,CAACgC,GAAG,CAAC,aAAa,EAAEU,gBAAU,CAAC;AACrC;AAAA,eAEe1C,MAAM;AAAA"},"_coverageSchema":"1a1c01bbd47fc00a2c39e90264f33305004495a9","hash":"6ca39a3333ef753e5684b1952bbe8dd38ac5f1d4","contentHash":"8be1fb1ab23431ee6f86a8a42769a156cc0c7270b174363ac7377d175b615179"},"C:\\Users\\mwana\\Documents\\Andela\\MY-BRAND-FABRICE\\MY-BRAND-FABRICE-BACKEND\\src\\controllers\\blog.js":{"path":"C:\\Users\\mwana\\Documents\\Andela\\MY-BRAND-FABRICE\\MY-BRAND-FABRICE-BACKEND\\src\\controllers\\blog.js","statementMap":{"0":{"start":{"line":3,"column":0},"end":{"line":5,"column":3}},"1":{"start":{"line":6,"column":0},"end":{"line":6,"column":206}},"2":{"start":{"line":7,"column":18},"end":{"line":7,"column":63}},"3":{"start":{"line":8,"column":20},"end":{"line":8,"column":67}},"4":{"start":{"line":9,"column":14},"end":{"line":9,"column":55}},"5":{"start":{"line":10,"column":12},"end":{"line":10,"column":61}},"6":{"start":{"line":11,"column":12},"end":{"line":11,"column":61}},"7":{"start":{"line":12,"column":39},"end":{"line":12,"column":93}},"8":{"start":{"line":13,"column":54},"end":{"line":13,"column":73}},"9":{"start":{"line":13,"column":75},"end":{"line":13,"column":326}},"10":{"start":{"line":13,"column":125},"end":{"line":13,"column":161}},"11":{"start":{"line":13,"column":163},"end":{"line":13,"column":324}},"12":{"start":{"line":13,"column":224},"end":{"line":13,"column":287}},"13":{"start":{"line":13,"column":327},"end":{"line":13,"column":339}},"14":{"start":{"line":14,"column":33},"end":{"line":14,"column":489}},"15":{"start":{"line":14,"column":46},"end":{"line":14,"column":47}},"16":{"start":{"line":14,"column":91},"end":{"line":14,"column":131}},"17":{"start":{"line":14,"column":133},"end":{"line":14,"column":487}},"18":{"start":{"line":14,"column":194},"end":{"line":14,"column":236}},"19":{"start":{"line":14,"column":402},"end":{"line":14,"column":483}},"20":{"start":{"line":14,"column":490},"end":{"line":14,"column":504}},"21":{"start":{"line":15,"column":44},"end":{"line":15,"column":70}},"22":{"start":{"line":15,"column":71},"end":{"line":15,"column":222}},"23":{"start":{"line":15,"column":89},"end":{"line":15,"column":193}},"24":{"start":{"line":15,"column":203},"end":{"line":15,"column":220}},"25":{"start":{"line":15,"column":223},"end":{"line":15,"column":234}},"26":{"start":{"line":16,"column":41},"end":{"line":16,"column":68}},"27":{"start":{"line":16,"column":70},"end":{"line":16,"column":121}},"28":{"start":{"line":17,"column":37},"end":{"line":17,"column":99}},"29":{"start":{"line":17,"column":86},"end":{"line":17,"column":99}},"30":{"start":{"line":17,"column":111},"end":{"line":17,"column":136}},"31":{"start":{"line":17,"column":138},"end":{"line":17,"column":322}},"32":{"start":{"line":17,"column":174},"end":{"line":17,"column":209}},"33":{"start":{"line":17,"column":211},"end":{"line":17,"column":251}},"34":{"start":{"line":17,"column":240},"end":{"line":17,"column":251}},"35":{"start":{"line":17,"column":252},"end":{"line":17,"column":320}},"36":{"start":{"line":17,"column":323},"end":{"line":17,"column":375}},"37":{"start":{"line":18,"column":0},"end":{"line":18,"column":25}},"38":{"start":{"line":19,"column":18},"end":{"line":19,"column":39}},"39":{"start":{"line":22,"column":19},"end":{"line":63,"column":1}},"40":{"start":{"line":24,"column":23},"end":{"line":27,"column":4}},"41":{"start":{"line":28,"column":2},"end":{"line":33,"column":3}},"42":{"start":{"line":29,"column":4},"end":{"line":32,"column":7}},"43":{"start":{"line":36,"column":17},"end":{"line":36,"column":73}},"44":{"start":{"line":39,"column":15},"end":{"line":43,"column":4}},"45":{"start":{"line":46,"column":2},"end":{"line":62,"column":5}},"46":{"start":{"line":47,"column":4},"end":{"line":56,"column":7}},"47":{"start":{"line":58,"column":4},"end":{"line":61,"column":7}},"48":{"start":{"line":68,"column":0},"end":{"line":68,"column":32}},"49":{"start":{"line":69,"column":20},"end":{"line":83,"column":1}},"50":{"start":{"line":70,"column":2},"end":{"line":82,"column":3}},"51":{"start":{"line":71,"column":18},"end":{"line":71,"column":44}},"52":{"start":{"line":72,"column":4},"end":{"line":75,"column":7}},"53":{"start":{"line":77,"column":4},"end":{"line":77,"column":20}},"54":{"start":{"line":78,"column":4},"end":{"line":81,"column":7}},"55":{"start":{"line":87,"column":0},"end":{"line":87,"column":34}},"56":{"start":{"line":88,"column":22},"end":{"line":110,"column":1}},"57":{"start":{"line":91,"column":6},"end":{"line":91,"column":16}},"58":{"start":{"line":92,"column":2},"end":{"line":109,"column":5}},"59":{"start":{"line":93,"column":4},"end":{"line":98,"column":5}},"60":{"start":{"line":94,"column":6},"end":{"line":97,"column":9}},"61":{"start":{"line":99,"column":4},"end":{"line":102,"column":7}},"62":{"start":{"line":104,"column":4},"end":{"line":107,"column":7}},"63":{"start":{"line":108,"column":4},"end":{"line":108,"column":21}},"64":{"start":{"line":114,"column":0},"end":{"line":114,"column":38}},"65":{"start":{"line":115,"column":19},"end":{"line":162,"column":1}},"66":{"start":{"line":117,"column":23},"end":{"line":120,"column":4}},"67":{"start":{"line":121,"column":2},"end":{"line":126,"column":3}},"68":{"start":{"line":122,"column":4},"end":{"line":125,"column":7}},"69":{"start":{"line":129,"column":6},"end":{"line":129,"column":16}},"70":{"start":{"line":130,"column":18},"end":{"line":130,"column":20}},"71":{"start":{"line":131,"column":2},"end":{"line":136,"column":3}},"72":{"start":{"line":132,"column":19},"end":{"line":132,"column":75}},"73":{"start":{"line":133,"column":4},"end":{"line":135,"column":7}},"74":{"start":{"line":137,"column":2},"end":{"line":141,"column":3}},"75":{"start":{"line":138,"column":4},"end":{"line":140,"column":7}},"76":{"start":{"line":142,"column":2},"end":{"line":146,"column":3}},"77":{"start":{"line":143,"column":4},"end":{"line":145,"column":7}},"78":{"start":{"line":147,"column":2},"end":{"line":161,"column":5}},"79":{"start":{"line":152,"column":4},"end":{"line":155,"column":7}},"80":{"start":{"line":157,"column":4},"end":{"line":160,"column":7}},"81":{"start":{"line":167,"column":0},"end":{"line":167,"column":32}},"82":{"start":{"line":168,"column":19},"end":{"line":193,"column":1}},"83":{"start":{"line":169,"column":2},"end":{"line":192,"column":3}},"84":{"start":{"line":170,"column":25},"end":{"line":172,"column":6}},"85":{"start":{"line":173,"column":4},"end":{"line":179,"column":5}},"86":{"start":{"line":174,"column":6},"end":{"line":177,"column":9}},"87":{"start":{"line":178,"column":6},"end":{"line":178,"column":13}},"88":{"start":{"line":180,"column":4},"end":{"line":182,"column":7}},"89":{"start":{"line":183,"column":4},"end":{"line":186,"column":7}},"90":{"start":{"line":188,"column":4},"end":{"line":191,"column":7}},"91":{"start":{"line":197,"column":0},"end":{"line":197,"column":32}},"92":{"start":{"line":198,"column":19},"end":{"line":246,"column":1}},"93":{"start":{"line":199,"column":2},"end":{"line":245,"column":3}},"94":{"start":{"line":201,"column":17},"end":{"line":201,"column":60}},"95":{"start":{"line":202,"column":4},"end":{"line":202,"column":22}},"96":{"start":{"line":203,"column":4},"end":{"line":208,"column":5}},"97":{"start":{"line":204,"column":6},"end":{"line":207,"column":9}},"98":{"start":{"line":209,"column":18},"end":{"line":209,"column":43}},"99":{"start":{"line":210,"column":20},"end":{"line":210,"column":66}},"100":{"start":{"line":211,"column":4},"end":{"line":216,"column":5}},"101":{"start":{"line":212,"column":6},"end":{"line":215,"column":9}},"102":{"start":{"line":217,"column":17},"end":{"line":219,"column":6}},"103":{"start":{"line":220,"column":4},"end":{"line":225,"column":5}},"104":{"start":{"line":221,"column":6},"end":{"line":224,"column":9}},"105":{"start":{"line":226,"column":20},"end":{"line":229,"column":5}},"106":{"start":{"line":230,"column":4},"end":{"line":234,"column":7}},"107":{"start":{"line":235,"column":4},"end":{"line":238,"column":7}},"108":{"start":{"line":240,"column":4},"end":{"line":243,"column":7}},"109":{"start":{"line":244,"column":4},"end":{"line":244,"column":21}},"110":{"start":{"line":251,"column":0},"end":{"line":251,"column":32}},"111":{"start":{"line":252,"column":22},"end":{"line":313,"column":1}},"112":{"start":{"line":253,"column":2},"end":{"line":312,"column":3}},"113":{"start":{"line":254,"column":18},"end":{"line":254,"column":43}},"114":{"start":{"line":255,"column":20},"end":{"line":255,"column":66}},"115":{"start":{"line":256,"column":4},"end":{"line":261,"column":5}},"116":{"start":{"line":257,"column":6},"end":{"line":260,"column":9}},"117":{"start":{"line":262,"column":17},"end":{"line":264,"column":6}},"118":{"start":{"line":265,"column":4},"end":{"line":270,"column":5}},"119":{"start":{"line":266,"column":6},"end":{"line":269,"column":9}},"120":{"start":{"line":273,"column":17},"end":{"line":275,"column":6}},"121":{"start":{"line":276,"column":4},"end":{"line":276,"column":22}},"122":{"start":{"line":277,"column":4},"end":{"line":282,"column":5}},"123":{"start":{"line":278,"column":6},"end":{"line":281,"column":9}},"124":{"start":{"line":283,"column":20},"end":{"line":283,"column":74}},"125":{"start":{"line":283,"column":44},"end":{"line":283,"column":73}},"126":{"start":{"line":284,"column":4},"end":{"line":289,"column":5}},"127":{"start":{"line":285,"column":6},"end":{"line":288,"column":9}},"128":{"start":{"line":295,"column":4},"end":{"line":301,"column":7}},"129":{"start":{"line":302,"column":4},"end":{"line":305,"column":7}},"130":{"start":{"line":307,"column":4},"end":{"line":310,"column":7}},"131":{"start":{"line":311,"column":4},"end":{"line":311,"column":21}},"132":{"start":{"line":318,"column":0},"end":{"line":318,"column":38}},"133":{"start":{"line":319,"column":19},"end":{"line":332,"column":1}},"134":{"start":{"line":320,"column":2},"end":{"line":331,"column":3}},"135":{"start":{"line":321,"column":22},"end":{"line":321,"column":58}},"136":{"start":{"line":322,"column":4},"end":{"line":325,"column":7}},"137":{"start":{"line":327,"column":4},"end":{"line":330,"column":7}},"138":{"start":{"line":336,"column":0},"end":{"line":336,"column":32}},"139":{"start":{"line":337,"column":22},"end":{"line":357,"column":1}},"140":{"start":{"line":338,"column":2},"end":{"line":356,"column":3}},"141":{"start":{"line":339,"column":17},"end":{"line":339,"column":60}},"142":{"start":{"line":340,"column":4},"end":{"line":345,"column":5}},"143":{"start":{"line":341,"column":6},"end":{"line":344,"column":9}},"144":{"start":{"line":346,"column":25},"end":{"line":346,"column":45}},"145":{"start":{"line":347,"column":4},"end":{"line":350,"column":7}},"146":{"start":{"line":352,"column":4},"end":{"line":355,"column":7}},"147":{"start":{"line":360,"column":0},"end":{"line":360,"column":38}}},"fnMap":{"0":{"name":"_interopRequireDefault","decl":{"start":{"line":12,"column":9},"end":{"line":12,"column":31}},"loc":{"start":{"line":12,"column":37},"end":{"line":12,"column":95}},"line":12},"1":{"name":"ownKeys","decl":{"start":{"line":13,"column":9},"end":{"line":13,"column":16}},"loc":{"start":{"line":13,"column":41},"end":{"line":13,"column":341}},"line":13},"2":{"name":"(anonymous_2)","decl":{"start":{"line":13,"column":207},"end":{"line":13,"column":208}},"loc":{"start":{"line":13,"column":222},"end":{"line":13,"column":289}},"line":13},"3":{"name":"_objectSpread","decl":{"start":{"line":14,"column":9},"end":{"line":14,"column":22}},"loc":{"start":{"line":14,"column":31},"end":{"line":14,"column":506}},"line":14},"4":{"name":"(anonymous_4)","decl":{"start":{"line":14,"column":177},"end":{"line":14,"column":178}},"loc":{"start":{"line":14,"column":192},"end":{"line":14,"column":238}},"line":14},"5":{"name":"(anonymous_5)","decl":{"start":{"line":14,"column":385},"end":{"line":14,"column":386}},"loc":{"start":{"line":14,"column":400},"end":{"line":14,"column":485}},"line":14},"6":{"name":"_defineProperty","decl":{"start":{"line":15,"column":9},"end":{"line":15,"column":24}},"loc":{"start":{"line":15,"column":42},"end":{"line":15,"column":236}},"line":15},"7":{"name":"_toPropertyKey","decl":{"start":{"line":16,"column":9},"end":{"line":16,"column":23}},"loc":{"start":{"line":16,"column":29},"end":{"line":16,"column":123}},"line":16},"8":{"name":"_toPrimitive","decl":{"start":{"line":17,"column":9},"end":{"line":17,"column":21}},"loc":{"start":{"line":17,"column":35},"end":{"line":17,"column":377}},"line":17},"9":{"name":"(anonymous_9)","decl":{"start":{"line":22,"column":19},"end":{"line":22,"column":20}},"loc":{"start":{"line":22,"column":39},"end":{"line":63,"column":1}},"line":22},"10":{"name":"(anonymous_10)","decl":{"start":{"line":46,"column":19},"end":{"line":46,"column":20}},"loc":{"start":{"line":46,"column":29},"end":{"line":57,"column":3}},"line":46},"11":{"name":"(anonymous_11)","decl":{"start":{"line":57,"column":11},"end":{"line":57,"column":12}},"loc":{"start":{"lin
[...]
AG,EAAE;QACHA,WAAW,EAAE;MACf,CAAC;MACD,GAAG,EAAE;QACHA,WAAW,EAAE;MACf,CAAC;MACD,GAAG,EAAE;QACHA,WAAW,EAAE;MACf;IACF;EACF;AACF,CAAC;AAAA"},"_coverageSchema":"1a1c01bbd47fc00a2c39e90264f33305004495a9","hash":"6de31a052c3c8abc3c5978cfce72034733de7cf3","contentHash":"dfb3a30eefc4fc0bb8a44a85f585bfa8f63adff22bc426250d8067b594f5eeaa"},"C:\\Users\\mwana\\Documents\\Andela\\MY-BRAND-FABRICE\\MY-BRAND-FABRICE-BACKEND\\src\\documentation\\allApis\\blogSwagger\\getAllBllogs.js":{"path":"C:\\Users\\mwana\\Documents\\Andela\\MY-BRAND-FABRICE\\MY-BRAND-FABRICE-BACKEND\\src\\documentation\\allApis\\blogSwagger\\getAllBllogs.js","statementMap":{"0":{"start":{"line":3,"column":0},"end":{"line":5,"column":3}},"1":{"start":{"line":6,"column":0},"end":{"line":6,"column":25}},"2":{"start":{"line":7,"column":15},"end":{"line":42,"column":1}},"3":{"start":{"line":43,"column":0},"end":{"line":43,"column":27}}},"fnMap":{},"branchMap":{},"s":{"0":1,"1":1,"2":1,"3":1},"f":{},"b":{},"inputSourceMap":{"version":3,"names":["get","tags","summary","operationId","parameters","responses","description","schema","type","items","properties","_id","blogTitle","blogContent","blogImage"],"sourceRoot":"C:\\Users\\mwana\\Documents\\Andela\\MY-BRAND-FABRICE\\MY-BRAND-FABRICE-BACKEND\\src\\documentation\\allApis\\blogSwagger\\","sources":["getAllBllogs.js"],"sourcesContent":["export default {\n  get: {\n    tags: [\"Blog API\"],\n    summary: \"Get all blogs\",\n    operationId: \"getAllBlogs\",\n    parameters: [],\n    responses: {\n      200: {\n        description: \"Blogs retrieved successfully\",\n        schema: {\n          type: \"array\",\n          items: {\n            type: \"object\",\n            properties: {\n              _id: { type: \"string\" },\n              blogTitle: { type: \"string\" },\n              blogContent: { type: \"string\" },\n              blogImage: { type: \"string\" },\n            },\n          },\n        },\n      },\n      500: {\n        description: \"Server error\",\n      },\n    },\n  },\n};\n"],"mappings":";;;;;;eAAe;EACbA,GAAG,EAAE;IACHC,IAAI,EAAE,CAAC,UAAU,CAAC;IAClBC,OAAO,EAAE,eAAe;IACxBC,WAAW,EAAE,aAAa;IAC1BC,UAAU,EAAE,EAAE;IACdC,SAAS,EAAE;MACT,GAAG,EAAE;QACHC,WAAW,EAAE,8BAA8B;QAC3CC,MAAM,EAAE;UACNC,IAAI,EAAE,OAAO;UACbC,KAAK,EAAE;YACLD,IAAI,EAAE,QAAQ;YACdE,UAAU,EAAE;cACVC,GAAG,EAAE;gBAAEH,IAAI,EAAE;cAAS,CAAC;cACvBI,SAAS,EAAE;gBAAEJ,IAAI,EAAE;cAAS,CAAC;cAC7BK,WAAW,EAAE;gBAAEL,IAAI,EAAE;cAAS,CAAC;cAC/BM,SAAS,EAAE;gBAAEN,IAAI,EAAE;cAAS;YAC9B;UACF;QACF;MACF,CAAC;MACD,GAAG,EAAE;QACHF,WAAW,EAAE;MACf;IACF;EACF;AACF,CAAC;AAAA"},"_coverageSchema":"1a1c01bbd47fc00a2c39e90264f33305004495a9","hash":"006cde63fdf82feb918423d67fd95820a5c28ccb","contentHash":"e091eefb114e280c2a9adb849a7624408ac20af26db0584a059617f67474dbb6"},"C:\\Users\\mwana\\Documents\\Andela\\MY-BRAND-FABRICE\\MY-BRAND-FABRICE-BACKEND\\src\\documentation\\allApis\\blogSwagger\\updateBlog.js":{"path":"C:\\Users\\mwana\\Documents\\Andela\\MY-BRAND-FABRICE\\MY-BRAND-FABRICE-BACKEND\\src\\documentation\\allApis\\blogSwagger\\updateBlog.js","statementMap":{"0":{"start":{"line":3,"column":0},"end":{"line":5,"column":3}},"1":{"start":{"line":6,"column":0},"end":{"line":6,"column":25}},"2":{"start":{"line":7,"column":15},"end":{"line":63,"column":1}},"3":{"start":{"line":64,"column":0},"end":{"line":64,"column":27}}},"fnMap":{},"branchMap":{},"s":{"0":1,"1":1,"2":1,"3":1},"f":{},"b":{},"inputSourceMap":{"version":3,"names":["patch","tags","summary","operationId","security","BearerAuth","parameters","in","name","description","required","type","requestBody","content","schema","properties","blogTitle","example","blogContent","blogImage","responses"],"sourceRoot":"C:\\Users\\mwana\\Documents\\Andela\\MY-BRAND-FABRICE\\MY-BRAND-FABRICE-BACKEND\\src\\documentation\\allApis\\blogSwagger\\","sources":["updateBlog.js"],"sourcesContent":["export default {\n  patch: {\n    tags: [\"Blog API\"],\n    summary: \"Update a blog by id\",\n    operationId: \"updateBlog\",\n    security: [{\n      BearerAuth: []\n  }],\n    parameters: [\n      {\n        in: \"path\",\n        name: \"id\",\n        description: \"ID of the blog to update\",\n        required: true,\n        type: \"string\",\n      },\n    ],\n    requestBody: {\n      content: {\n        \"multipart/form-data\": {\n          schema: {\n            type: \"object\",\n            properties: {\n              blogTitle: {\n                type: \"string\",\n                description: \"Title of the blog post\",\n                example: \"How to Build a RESTful API\",\n              },\n              blogContent: {\n                type: \"string\",\n                description: \"Content of the blog post\",\n                example: \"Building a RESTful API is a great way to...\",\n              },\n              blogImage: {\n                type: \"file\",\n                description: \"Image for the blog post\",\n              },\n            },\n            required: [\"blogTitle\", \"blogContent\"],\n          },\n        },\n      },\n    },\n    responses: {\n      200: {\n        description: \"Blog updated successfully\",\n      },\n      400: {\n        description: \"Invalid input provided\",\n      },\n      401: {\n        description: \"User is not authenticated\",\n      },\n      500: {\n        description: \"Server error\",\n      },\n    },\n  },\n};\n"],"mappings":";;;;;;eAAe;EACbA,KAAK,EAAE;IACLC,IAAI,EAAE,CAAC,UAAU,CAAC;IAClBC,OAAO,EAAE,qBAAqB;IAC9BC,WAAW,EAAE,YAAY;IACzBC,QAAQ,EAAE,CAAC;MACTC,UAAU,EAAE;IAChB,CAAC,CAAC;IACAC,UAAU,EAAE,CACV;MACEC,EAAE,EAAE,MAAM;MACVC,IAAI,EAAE,IAAI;MACVC,WAAW,EAAE,0BAA0B;MACvCC,QAAQ,EAAE,IAAI;MACdC,IAAI,EAAE;IACR,CAAC,CACF;IACDC,WAAW,EAAE;MACXC,OAAO,EAAE;QACP,qBAAqB,EAAE;UACrBC,MAAM,EAAE;YACNH,IAAI,EAAE,QAAQ;YACdI,UAAU,EAAE;cACVC,SAAS,EAAE;gBACTL,IAAI,EAAE,QAAQ;gBACdF,WAAW,EAAE,wBAAwB;gBACrCQ,OAAO,EAAE;cACX,CAAC;cACDC,WAAW,EAAE;gBACXP,IAAI,EAAE,QAAQ;gBACdF,WAAW,EAAE,0BAA0B;gBACvCQ,OAAO,EAAE;cACX,CAAC;cACDE,SAAS,EAAE;gBACTR,IAAI,EAAE,MAAM;gBACZF,WAAW,EAAE;cACf;YACF,CAAC;YACDC,QAAQ,EAAE,CAAC,WAAW,EAAE,aAAa;UACvC;QACF;MACF;IACF,CAAC;IACDU,SAAS,EAAE;MACT,GAAG,EAAE;QACHX,WAAW,EAAE;MACf,CAAC;MACD,GAAG,EAAE;QACHA,WAAW,EAAE;MACf,CAAC;MACD,GAAG,EAAE;QACHA,WAAW,EAAE;MACf,CAAC;MACD,GAAG,EAAE;QACHA,WAAW,EAAE;MACf;IACF;EACF;AACF,CAAC;AAAA"},"_coverageSchema":"1a1c01bbd47fc00a2c39e90264f33305004495a9","hash":"9c9eeb6b9faf81c6b04971e725bbdff3bc8b1ecf","contentHash":"140321867805b90bcc86f48cf50fe75ff608f3952ac717f84d3e870a26e7fc74"},"C:\\Users\\mwana\\Documents\\Andela\\MY-BRAND-FABRICE\\MY-BRAND-FABRICE-BACKEND\\src\\documentation\\allApis\\blogSwagger\\numberOfBlog.js":{"path":"C:\\Users\\mwana\\Documents\\Andela\\MY-BRAND-FABRICE\\MY-BRAND-FABRICE-BACKEND\\src\\documentation\\allApis\\blogSwagger\\numberOfBlog.js","statementMap":{"0":{"start":{"line":3,"column":0},"end":{"line":5,"column":3}},"1":{"start":{"line":6,"column":0},"end":{"line":6,"column":25}},"2":{"start":{"line":7,"column":15},"end":{"line":33,"column":1}},"3":{"start":{"line":34,"column":0},"end":{"line":34,"column":27}}},"fnMap":{},"branchMap":{},"s":{"0":1,"1":1,"2":1,"3":1},"f":{},"b":{},"inputSourceMap":{"version":3,"names":["get","tags","summary","operationId","security","BearerAuth","responses","description","schema","type","properties","message"],"sourceRoot":"C:\\Users\\mwana\\Documents\\Andela\\MY-BRAND-FABRICE\\MY-BRAND-FABRICE-BACKEND\\src\\documentation\\allApis\\blogSwagger\\","sources":["numberOfBlog.js"],"sourcesContent":["export default {\n  get: {\n    tags: [\"Blog API\"],\n    summary: \"Get the count of all blogs\",\n    operationId: \"countBlogs\",\n    security: [{\n      BearerAuth: []\n  }],\n    responses: {\n      200: {\n        description: \"The count of all blogs\",\n        schema: {\n          type: \"object\",\n          properties: {\n            message: {\n              type: \"string\",\n              description: \"The message containing the count of all blogs\",\n            },\n          },\n        },\n      },\n      500: {\n        description: \"Server error\",\n      },\n    },\n  },\n};\n"],"mappings":";;;;;;eAAe;EACbA,GAAG,EAAE;IACHC,IAAI,EAAE,CAAC,UAAU,CAAC;IAClBC,OAAO,EAAE,4BAA4B;IACrCC,WAAW,EAAE,YAAY;IACzBC,QAAQ,EAAE,CAAC;MACTC,UAAU,EAAE;IAChB,CAAC,CAAC;IACAC,SAAS,EAAE;MACT,GAAG,EAAE;QACHC,WAAW,EAAE,wBAAwB;QACrCC,MAAM,EAAE;UACNC,IAAI,EAAE,QAAQ;UACdC,UAAU,EAAE;YACVC,OAAO,EAAE;cACPF,IAAI,EAAE,QAAQ;cACdF,WAAW,EAAE;YACf;UACF;QACF;MACF,CAAC;MACD,GAAG,EAAE;QACHA,WAAW,EAAE;MACf;IACF;EACF;AACF,CAAC;AAAA"},"_coverageSchema":"1a1c01bbd47fc00a2c39e90264f33305004495a9","hash":"e203d572b5dcb3485b0e627de41de006d43b5df0","contentHash":"f2165ec29a1502fbaf5035eb2e65f8d84db9966c70d4d25e085103d8a0c11ca6"},"C:\\Users\\mwana\\Documents\\Andela\\MY-BRAND-FABRICE\\MY-BRAND-FABRICE-BACKEND\\src\\documentation\\allApis\\blogSwagger\\deleteBlog.js":{"path":"C:\\Users\\mwana\\Documents\\Andela\\MY-BRAND-FABRICE\\MY-BRAND-FABRICE-BACKEND\\src\\documentation\\allApis\\blogSwagger\\deleteBlog.js","statementMap":{"0":{"start":{"line":3,"column":0},"end":{"line":5,"column":3}},"1":{"start":{"line":6,"column":0},"end":{"line":6,"column":25}},"2":{"start":{"line":7,"column":15},"end":{"line":40,"column":1}},"3":{"start":{"line":41,"column":0},"end":{"line":41,"column":27}}},"fnMap":{},"branchMap":{},"s":{"0":1,"1":1,"2":1,"3":1},"f":{},"b":{},"inputSourceMap":{"version":3,"names":["delete","tags","summary","operationId","security","BearerAuth","parameters","in","name","description","required","type","responses"],"sourceRoot":"C:\\Users\\mwana\\Documents\\Andela\\MY-BRAND-FABRICE\\MY-BRAND-FABRICE-BACKEND\\src\\documentation\\allApis\\blogSwagger\\","sources":["deleteBlog.js"],"sourcesContent":["export default {\n  delete: {\n    tags: [\"Blog API\"],\n    summary: \"Delete a blog post by ID\",\n    operationId: \"deleteBlog\",\n    security: [{\n      BearerAuth: []\n  }],\n    parameters: [\n      {\n        in: \"path\",\n        name: \"id\",\n        description: \"ID of the blog post to delete\",\n        required: true,\n        type: \"string\",\n      },\n    ],\n    responses: {\n      200: {\n        description: \"Blog post deleted successfully\",\n      },\n      400: {\n        description: \"Invalid input provided\",\n      },\n      401: {\n        description: \"User is not authenticated\",\n      },\n      404: {\n        description: \"Blog post not found\",\n      },\n      500: {\n        description: \"Server error\",\n      },\n    },\n  },\n};\n"],"mappings":";;;;;;eAAe;EACbA,MAAM,EAAE;IACNC,IAAI,EAAE,CAAC,UAAU,CAAC;IAClBC,OAAO,EAAE,0BAA0B;IACnCC,WAAW,EAAE,YAAY;IACzBC,QAAQ,EAAE,CAAC;MACTC,UAAU,EAAE;IAChB,CAAC,CAAC;IACAC,UAAU,EAAE,CACV;MACEC,EAAE,EAAE,MAAM;MACVC,IAAI,EAAE,IAAI;MACVC,WAAW,EAAE,+BAA+B;MAC5CC,QAAQ,EAAE,IAAI;MACdC,IAAI,EAAE;IACR,CAAC,CACF;IACDC,SAAS,EAAE;MACT,GAAG,EAAE;QACHH,WAAW,EAAE;MACf,CAAC;MACD,GAAG,EAAE;QACHA,WAAW,EAAE;MACf,CAAC;MACD,GAAG,EAAE;QACHA,WAAW,EAAE;MACf,CAAC;MACD,GAAG,EAAE;QACHA,WAAW,EAAE;MACf,CAAC;MACD,GAAG,EAAE;QACHA,WAAW,EAAE;MACf;IACF;EACF;AACF,CAAC;AAAA"},"_coverageSchema":"1a1c01bbd47fc00a2c39e90264f33305004495a9","hash":"ff81e95c40636c1f50f81c12c34a61a31fff3aa7","contentHash":"87c3ed1f65e7380eae86e148b0f733ed28e8ea27d25e41d58f96ddbfa2a4f80e"},"C:\\Users\\mwana\\Documents\\Andela\\MY-BRAND-FABRICE\\MY-BRAND-FABRICE-BACKEND\\src\\documentation\\allApis\\blogSwagger\\CommentSwagger\\addComment.js":{"path":"C:\\Users\\mwana\\Documents\\Andela\\MY-BRAND-FABRICE\\MY-BRAND-FABRICE-BACKEND\\src\\documentation\\allApis\\blogSwagger\\CommentSwagger\\addComment.js","statementMap":{"0":{"start":{"line":3,"column":0},"end":{"line":5,"column":3}},"1":{"start":{"line":6,"column":0},"end":{"line":6,"column":25}},"2":{"start":{"line":7,"column":15},"end":{"line":56,"column":1}},"3":{"start":{"line":57,"column":0},"end":{"line":57,"column":27}}},"fnMap":{},"branchMap":{},"s":{"0":1,"1":1,"2":1,"3":1},"f":{},"b":{},"inputSourceMap":{"version":3,"names":["post","tags","summary","operationId","security","BearerAuth","parameters","in","name","description","required","type","requestBody","content","schema","properties","comment","responses"],"sourceRoot":"C:\\Users\\mwana\\Documents\\Andela\\MY-BRAND-FABRICE\\MY-BRAND-FABRICE-BACKEND\\src\\documentation\\allApis\\blogSwagger\\CommentSwagger\\","sources":["addComment.js"],"sourcesContent":["export default {\n  post: {\n    tags: [\"Comment blog API\"],\n    summary: \"Add a comment to a specific blog\",\n    operationId: \"addComment\",\n    security: [{\n      BearerAuth: []\n     }],\n    parameters: [\n      {\n        in: \"path\",\n        name: \"id\",\n        description: \"ID of the blog to add a comment to\",\n        required: true,\n        type: \"string\",\n      },\n    ],\n    requestBody: {\n      content: {\n        \"application/json\": {\n          schema: {\n            type: \"object\",\n            properties: {\n              comment: {\n                type: \"string\",\n                description: \"Comment to add to the blog\",\n              },\n            },\n            required: [\"comment\"],\n          },\n        },\n      },\n    },\n    responses: {\n      201: {\n        description: \"Comment added successfully\",\n      },\n      400: {\n        description: \"Invalid input provided\",\n      },\n      401: {\n        description: \"User is not authenticated\",\n      },\n      404: {\n        description: \"Blog or user not found\",\n      },\n      500: {\n        description: \"Server error\",\n      },\n    },\n  },\n};\n"],"mappings":";;;;;;eAAe;EACbA,IAAI,EAAE;IACJC,IAAI,EAAE,CAAC,kBAAkB,CAAC;IAC1BC,OAAO,EAAE,kCAAkC;IAC3CC,WAAW,EAAE,YAAY;IACzBC,QAAQ,EAAE,CAAC;MACTC,UAAU,EAAE;IACb,CAAC,CAAC;IACHC,UAAU,EAAE,CACV;MACEC,EAAE,EAAE,MAAM;MACVC,IAAI,EAAE,IAAI;MACVC,WAAW,EAAE,oCAAoC;MACjDC,QAAQ,EAAE,IAAI;MACdC,IAAI,EAAE;IACR,CAAC,CACF;IACDC,WAAW,EAAE;MACXC,OAAO,EAAE;QACP,kBAAkB,EAAE;UAClBC,MAAM,EAAE;YACNH,IAAI,EAAE,QAAQ;YACdI,UAAU,EAAE;cACVC,OAAO,EAAE;gBACPL,IAAI,EAAE,QAAQ;gBACdF,WAAW,EAAE;cACf;YACF,CAAC;YACDC,QAAQ,EAAE,CAAC,SAAS;UACtB;QACF;MACF;IACF,CAAC;IACDO,SAAS,EAAE;MACT,GAAG,EAAE;QACHR,WAAW,EAAE;MACf,CAAC;MACD,GAAG,EAAE;QACHA,WAAW,EAAE;MACf,CAAC;MACD,GAAG,EAAE;QACHA,WAAW,EAAE;MACf,CAAC;MACD,GAAG,EAAE;QACHA,WAAW,EAAE;MACf,CAAC;MACD,GAAG,EAAE;QACHA,WAAW,EAAE;MACf;IACF;EACF;AACF,CAAC;AAAA"},"_coverageSchema":"1a1c01bbd47fc00a2c39e90264f33305004495a9","hash":"b18afd711658f12e4a95069a4d85da56b2ab5aa2","contentHash":"fbbd0f8951808fb03ef5348a46fb73849de90b32402c8f42639dd605dd5eb824"},"C:\\Users\\mwana\\Documents\\Andela\\MY-BRAND-FABRICE\\MY-BRAND-FABRICE-BACKEND\\src\\documentation\\allApis\\blogSwagger\\CommentSwagger\\deleteComment.js":{"path":"C:\\Users\\mwana\\Documents\\Andela\\MY-BRAND-FABRICE\\MY-BRAND-FABRICE-BACKEND\\src\\documentation\\allApis\\blogSwagger\\CommentSwagger\\deleteComment.js","statementMap":{"0":{"start":{"line":3,"column":0},"end":{"line":5,"column":3}},"1":{"start":{"line":6,"column":0},"end":{"line":6,"column":25}},"2":{"start":{"line":7,"column":15},"end":{"line":43,"column":1}},"3":{"start":{"line":44,"column":0},"end":{"line":44,"column":27}}},"fnMap":{},"branchMap":{},"s":{"0":1,"1":1,"2":1,"3":1},"f":{},"b":{},"inputSourceMap":{"version":3,"names":["delete","tags","summary","operationId","security","BearerAuth","parameters","in","name","description","required","type","responses"],"sourceRoot":"C:\\Users\\mwana\\Documents\\Andela\\MY-BRAND-FABRICE\\MY-BRAND-FABRICE-BACKEND\\src\\documentation\\allApis\\blogSwagger\\CommentSwagger\\","sources":["deleteComment.js"],"sourcesContent":["export default {\n  delete: {\n    tags: [\"Comment blog API\"],\n    summary: \"Delete a comment on a specific blog\",\n    operationId: \"deleteComment\",\n    security: [{\n      BearerAuth: []\n  }],\n    parameters: [\n    \n      {\n        in: \"path\",\n        name: \"blogId\",\n        description: \"The ID of the blog the comment belongs to\",\n        required: true,\n        type: \"string\",\n      },\n      {\n        in: \"path\",\n        name: \"commentId\",\n        description: \"The ID of the comment to delete\",\n        required: true,\n        type: \"string\",\n      },\n    ],\n    responses: {\n      200: {\n        description: \"Comment deleted successfully\",\n      },\n      401: {\n        description: \"User is not authorized to delete this comment\",\n      },\n      404: {\n        description: \"Blog or comment not found\",\n      },\n      500: {\n        description: \"Server error\",\n      },\n    },\n  },\n};\n"],"mappings":";;;;;;eAAe;EACbA,MAAM,EAAE;IACNC,IAAI,EAAE,CAAC,kBAAkB,CAAC;IAC1BC,OAAO,EAAE,qCAAqC;IAC9CC,WAAW,EAAE,eAAe;IAC5BC,QAAQ,EAAE,CAAC;MACTC,UAAU,EAAE;IAChB,CAAC,CAAC;IACAC,UAAU,EAAE,CAEV;MACEC,EAAE,EAAE,MAAM;MACVC,IAAI,EAAE,QAAQ;MACdC,WAAW,EAAE,2CAA2C;MACxDC,QAAQ,EAAE,IAAI;MACdC,IAAI,EAAE;IACR,CAAC,EACD;MACEJ,EAAE,EAAE,MAAM;MACVC,IAAI,EAAE,WAAW;MACjBC,WAAW,EAAE,iCAAiC;MAC9CC,QAAQ,EAAE,IAAI;MACdC,IAAI,EAAE;IACR,CAAC,CACF;IACDC,SAAS,EAAE;MACT,GAAG,EAAE;QACHH,WAAW,EAAE;MACf,CAAC;MACD,GAAG,EAAE;QACHA,WAAW,EAAE;MACf,CAAC;MACD,GAAG,EAAE;QACHA,WAAW,EAAE;MACf,CAAC;MACD,GAAG,EAAE;QACHA,WAAW,EAAE;MACf;IACF;EACF;AACF,CAAC;AAAA"},"_coverageSchema":"1a1c01bbd47fc00a2c39e90264f33305004495a9","hash":"d483891f1069f27745d43e5187aaa6eef39eeb4b","contentHash":"9bd6e4b7077cf0e718371e8627fd33aadef08c96dc46399bf99dc35c1875dea0"},"C:\\Users\\mwana\\Documents\\Andela\\MY-BRAND-FABRICE\\MY-BRAND-FABRICE-BACKEND\\src\\documentation\\allApis\\blogSwagger\\CommentSwagger\\numberOfComment.js":{"path":"C:\\Users\\mwana\\Documents\\Andela\\MY-BRAND-FABRICE\\MY-BRAND-FABRICE-BACKEND\\src\\documentation\\allApis\\blogSwagger\\CommentSwagger\\numberOfComment.js","statementMap":{"0":{"start":{"line":3,"column":0},"end":{"line":5,"column":3}},"1":{"start":{"line":6,"column":0},"end":{"line":6,"column":25}},"2":{"start":{"line":7,"column":15},"end":{"line":40,"column":1}},"3":{"start":{"line":41,"column":0},"end":{"line":41,"column":27}}},"fnMap":{},"branchMap":{},"s":{"0":1,"1":1,"2":1,"3":1},"f":{},"b":{},"inputSourceMap":{"version":3,"names":["get","tags","summary","operationId","parameters","in","name","description","required","type","responses","schema","properties","message"],"sourceRoot":"C:\\Users\\mwana\\Documents\\Andela\\MY-BRAND-FABRICE\\MY-BRAND-FABRICE-BACKEND\\src\\documentation\\allApis\\blogSwagger\\CommentSwagger\\","sources":["numberOfComment.js"],"sourcesContent":["export default {\n  get: {\n    tags: [\"Comment blog API\"],\n    summary: \"Count the number of comments on a specific blog\",\n    operationId: \"countComments\",\n    parameters: [\n      {\n        in: \"path\",\n        name: \"id\",\n        description: \"ID of the blog\",\n        required: true,\n        type: \"string\",\n      },\n    ],\n    responses: {\n      200: {\n        description: \"Comment count retrieved successfully\",\n        schema: {\n          type: \"object\",\n          properties: {\n            message: {\n              type: \"string\",\n              description: \"Comment count message\",\n            },\n          },\n        },\n      },\n      404: {\n        description: \"Blog not found\",\n      },\n      500: {\n        description: \"Server error\",\n      },\n    },\n  },\n};\n"],"mappings":";;;;;;eAAe;EACbA,GAAG,EAAE;IACHC,IAAI,EAAE,CAAC,kBAAkB,CAAC;IAC1BC,OAAO,EAAE,iDAAiD;IAC1DC,WAAW,EAAE,eAAe;IAC5BC,UAAU,EAAE,CACV;MACEC,EAAE,EAAE,MAAM;MACVC,IAAI,EAAE,IAAI;MACVC,WAAW,EAAE,gBAAgB;MAC7BC,QAAQ,EAAE,IAAI;MACdC,IAAI,EAAE;IACR,CAAC,CACF;IACDC,SAAS,EAAE;MACT,GAAG,EAAE;QACHH,WAAW,EAAE,sCAAsC;QACnDI,MAAM,EAAE;UACNF,IAAI,EAAE,QAAQ;UACdG,UAAU,EAAE;YACVC,OAAO,EAAE;cACPJ,IAAI,EAAE,QAAQ;cACdF,WAAW,EAAE;YACf;UACF;QACF;MACF,CAAC;MACD,GAAG,EAAE;QACHA,WAAW,EAAE;MACf,CAAC;MACD,GAAG,EAAE;QACHA,WAAW,EAAE;MACf;IACF;EACF;AACF,CAAC;AAAA"},"_coverageSchema":"1a1c01bbd47fc00a2c39e90264f33305004495a9","hash":"c2e8cd1aa9383a6a5d54a069bcdfe4018af80652","contentHash":"78f4c03bc7b1a20930cb93e73cbed39bd6f1a4d3e2d07da7ae5230d4bbb4f9b9"}}