{"total": {"lines":{"total":400,"covered":201,"skipped":0,"pct":50.25},"statements":{"total":421,"covered":221,"skipped":0,"pct":52.49},"functions":{"total":45,"covered":13,"skipped":0,"pct":28.88},"branches":{"total":82,"covered":26,"skipped":0,"pct":31.7},"branchesTrue":{"total":0,"covered":0,"skipped":0,"pct":100}}
,"C:\\Users\\mwana\\Documents\\Andela\\MY-BRAND-FABRICE\\MY-BRAND-FABRICE-BACKEND\\src\\/index.js": {"lines":{"total":25,"covered":14,"skipped":0,"pct":56},"functions":{"total":4,"covered":1,"skipped":0,"pct":25},"statements":{"total":27,"covered":16,"skipped":0,"pct":59.25},"branches":{"total":2,"covered":2,"skipped":0,"pct":100}}
,"C:\\Users\\mwana\\Documents\\Andela\\MY-BRAND-FABRICE\\MY-BRAND-FABRICE-BACKEND\\src\\controllers\\/blog.js": {"lines":{"total":115,"covered":25,"skipped":0,"pct":21.73},"functions":{"total":17,"covered":1,"skipped":0,"pct":5.88},"statements":{"total":117,"covered":26,"skipped":0,"pct":22.22},"branches":{"total":32,"covered":2,"skipped":0,"pct":6.25}}
,"C:\\Users\\mwana\\Documents\\Andela\\MY-BRAND-FABRICE\\MY-BRAND-FABRICE-BACKEND\\src\\controllers\\/contact.js": {"lines":{"total":35,"covered":11,"skipped":0,"pct":31.42},"functions":{"total":5,"covered":1,"skipped":0,"pct":20},"statements":{"total":36,"covered":12,"skipped":0,"pct":33.33},"branches":{"total":6,"covered":2,"skipped":0,"pct":33.33}}
,"C:\\Users\\mwana\\Documents\\Andela\\MY-BRAND-FABRICE\\MY-BRAND-FABRICE-BACKEND\\src\\controllers\\/login.js": {"lines":{"total":40,"covered":12,"skipped":0,"pct":30},"functions":{"total":4,"covered":1,"skipped":0,"pct":25},"statements":{"total":41,"covered":13,"skipped":0,"pct":31.7},"branches":{"total":8,"covered":2,"skipped":0,"pct":25}}
,"C:\\Users\\mwana\\Documents\\Andela\\MY-BRAND-FABRICE\\MY-BRAND-FABRICE-BACKEND\\src\\controllers\\/user.js": {"lines":{"total":54,"covered":10,"skipped":0,"pct":18.51},"functions":{"total":5,"covered":1,"skipped":0,"pct":20},"statements":{"total":55,"covered":11,"skipped":0,"pct":20},"branches":{"total":18,"covered":2,"skipped":0,"pct":11.11}}
,"C:\\Users\\mwana\\Documents\\Andela\\MY-BRAND-FABRICE\\MY-BRAND-FABRICE-BACKEND\\src\\documentation\\/basicInfo.js": {"lines":{"total":2,"covered":2,"skipped":0,"pct":100},"functions":{"total":0,"covered":0,"skipped":0,"pct":100},"statements":{"total":2,"covered":2,"skipped":0,"pct":100},"branches":{"total":0,"covered":0,"skipped":0,"pct":100}}
,"C:\\Users\\mwana\\Documents\\Andela\\MY-BRAND-FABRICE\\MY-BRAND-FABRICE-BACKEND\\src\\documentation\\/components.js": {"lines":{"total":2,"covered":2,"skipped":0,"pct":100},"functions":{"total":0,"covered":0,"skipped":0,"pct":100},"statements":{"total":2,"covered":2,"skipped":0,"pct":100},"branches":{"total":0,"covered":0,"skipped":0,"pct":100}}
,"C:\\Users\\mwana\\Documents\\Andela\\MY-BRAND-FABRICE\\MY-BRAND-FABRICE-BACKEND\\src\\documentation\\/index.js": {"lines":{"total":6,"covered":6,"skipped":0,"pct":100},"functions":{"total":1,"covered":1,"skipped":0,"pct":100},"statements":{"total":8,"covered":8,"skipped":0,"pct":100},"branches":{"total":2,"covered":2,"skipped":0,"pct":100}}
,"C:\\Users\\mwana\\Documents\\Andela\\MY-BRAND-FABRICE\\MY-BRAND-FABRICE-BACKEND\\src\\documentation\\/server.js": {"lines":{"total":2,"covered":2,"skipped":0,"pct":100},"functions":{"total":0,"covered":0,"skipped":0,"pct":100},"statements":{"total":2,"covered":2,"skipped":0,"pct":100},"branches":{"total":0,"covered":0,"skipped":0,"pct":100}}
,"C:\\Users\\mwana\\Documents\\Andela\\MY-BRAND-FABRICE\\MY-BRAND-FABRICE-BACKEND\\src\\documentation\\/tags.js": {"lines":{"total":2,"covered":2,"skipped":0,"pct":100},"functions":{"total":0,"covered":0,"skipped":0,"pct":100},"statements":{"total":2,"covered":2,"skipped":0,"pct":100},"branches":{"total":0,"covered":0,"skipped":0,"pct":100}}
,"C:\\Users\\mwana\\Documents\\Andela\\MY-BRAND-FABRICE\\MY-BRAND-FABRICE-BACKEND\\src\\documentation\\allApis\\/index.js": {"lines":{"total":21,"covered":21,"skipped":0,"pct":100},"functions":{"total":1,"covered":1,"skipped":0,"pct":100},"statements":{"total":22,"covered":22,"skipped":0,"pct":100},"branches":{"total":2,"covered":2,"skipped":0,"pct":100}}
,"C:\\Users\\mwana\\Documents\\Andela\\MY-BRAND-FABRICE\\MY-BRAND-FABRICE-BACKEND\\src\\documentation\\allApis\\blogSwagger\\/createBlog.js": {"lines":{"total":2,"covered":2,"skipped":0,"pct":100},"functions":{"total":0,"covered":0,"skipped":0,"pct":100},"statements":{"total":2,"covered":2,"skipped":0,"pct":100},"branches":{"total":0,"covered":0,"skipped":0,"pct":100}}
,"C:\\Users\\mwana\\Documents\\Andela\\MY-BRAND-FABRICE\\MY-BRAND-FABRICE-BACKEND\\src\\documentation\\allApis\\blogSwagger\\/deleteBlog.js": {"lines":{"total":2,"covered":2,"skipped":0,"pct":100},"functions":{"total":0,"covered":0,"skipped":0,"pct":100},"statements":{"total":2,"covered":2,"skipped":0,"pct":100},"branches":{"total":0,"covered":0,"skipped":0,"pct":100}}
,"C:\\Users\\mwana\\Documents\\Andela\\MY-BRAND-FABRICE\\MY-BRAND-FABRICE-BACKEND\\src\\documentation\\allApis\\blogSwagger\\/getAllBllogs.js": {"lines":{"total":2,"covered":2,"skipped":0,"pct":100},"functions":{"total":0,"covered":0,"skipped":0,"pct":100},"statements":{"total":2,"covered":2,"skipped":0,"pct":100},"branches":{"total":0,"covered":0,"skipped":0,"pct":100}}
,"C:\\Users\\mwana\\Documents\\Andela\\MY-BRAND-FABRICE\\MY-BRAND-FABRICE-BACKEND\\src\\documentation\\allApis\\blogSwagger\\/getSingleBlog.js": {"lines":{"total":2,"covered":2,"skipped":0,"pct":100},"functions":{"total":0,"covered":0,"skipped":0,"pct":100},"statements":{"total":2,"covered":2,"skipped":0,"pct":100},"branches":{"total":0,"covered":0,"skipped":0,"pct":100}}
,"C:\\Users\\mwana\\Documents\\Andela\\MY-BRAND-FABRICE\\MY-BRAND-FABRICE-BACKEND\\src\\documentation\\allApis\\blogSwagger\\/numberOfBlog.js": {"lines":{"total":2,"covered":2,"skipped":0,"pct":100},"functions":{"total":0,"covered":0,"skipped":0,"pct":100},"statements":{"total":2,"covered":2,"skipped":0,"pct":100},"branches":{"total":0,"covered":0,"skipped":0,"pct":100}}
,"C:\\Users\\mwana\\Documents\\Andela\\MY-BRAND-FABRICE\\MY-BRAND-FABRICE-BACKEND\\src\\documentation\\allApis\\blogSwagger\\/updateBlog.js": {"lines":{"total":2,"covered":2,"skipped":0,"pct":100},"functions":{"total":0,"covered":0,"skipped":0,"pct":100},"statements":{"total":2,"covered":2,"skipped":0,"pct":100},"branches":{"total":0,"covered":0,"skipped":0,"pct":100}}
,"C:\\Users\\mwana\\Documents\\Andela\\MY-BRAND-FABRICE\\MY-BRAND-FABRICE-BACKEND\\src\\documentation\\allApis\\blogSwagger\\CommentSwagger\\/addComment.js": {"lines":{"total":2,"covered":2,"skipped":0,"pct":100},"functions":{"total":0,"covered":0,"skipped":0,"pct":100},"statements":{"total":2,"covered":2,"skipped":0,"pct":100},"branches":{"total":0,"covered":0,"skipped":0,"pct":100}}
,"C:\\Users\\mwana\\Documents\\Andela\\MY-BRAND-FABRICE\\MY-BRAND-FABRICE-BACKEND\\src\\documentation\\allApis\\blogSwagger\\CommentSwagger\\/deleteComment.js": {"lines":{"total":2,"covered":2,"skipped":0,"pct":100},"functions":{"total":0,"covered":0,"skipped":0,"pct":100},"statements":{"total":2,"covered":2,"skipped":0,"pct":100},"branches":{"total":0,"covered":0,"skipped":0,"pct":100}}
,"C:\\Users\\mwana\\Documents\\Andela\\MY-BRAND-FABRICE\\MY-BRAND-FABRICE-BACKEND\\src\\documentation\\allApis\\blogSwagger\\CommentSwagger\\/numberOfComment.js": {"lines":{"total":2,"covered":2,"skipped":0,"pct":100},"functions":{"total":0,"covered":0,"skipped":0,"pct":100},"statements":{"total":2,"covered":2,"skipped":0,"pct":100},"branches":{"total":0,"covered":0,"skipped":0,"pct":100}}
,"C:\\Users\\mwana\\Documents\\Andela\\MY-BRAND-FABRICE\\MY-BRAND-FABRICE-BACKEND\\src\\documentation\\allApis\\contactSwagger\\/countContact.js": {"lines":{"total":2,"covered":2,"skipped":0,"pct":100},"functions":{"total":0,"covered":0,"skipped":0,"pct":100},"statements":{"total":2,"covered":2,"skipped":0,"pct":100},"branches":{"total":0,"covered":0,"skipped":0,"pct":100}}
,"C:\\Users\\mwana\\Documents\\Andela\\MY-BRAND-FABRICE\\MY-BRAND-FABRICE-BACKEND\\src\\documentation\\allApis\\contactSwagger\\/deleteContact.js": {"lines":{"total":2,"covered":2,"skipped":0,"pct":100},"functions":{"total":0,"covered":0,"skipped":0,"pct":100},"statements":{"total":2,"covered":2,"skipped":0,"pct":100},"branches":{"total":0,"covered":0,"skipped":0,"pct":100}}
,"C:\\Users\\mwana\\Documents\\Andela\\MY-BRAND-FABRICE\\MY-BRAND-FABRICE-BACKEND\\src\\documentation\\allApis\\contactSwagger\\/getContact.js": {"lines":{"total":2,"covered":2,"skipped":0,"pct":100},"functions":{"total":0,"covered":0,"skipped":0,"pct":100},"statements":{"total":2,"covered":2,"skipped":0,"pct":100},"branches":{"total":0,"covered":0,"skipped":0,"pct":100}}
,"C:\\Users\\mwana\\Documents\\Andela\\MY-BRAND-FABRICE\\MY-BRAND-FABRICE-BACKEND\\src\\documentation\\allApis\\contactSwagger\\/postContact.js": {"lines":{"total":2,"covered":2,"skipped":0,"pct":100},"functions":{"total":0,"covered":0,"skipped":0,"pct":100},"statements":{"total":2,"covered":2,"skipped":0,"pct":100},"branches":{"total":0,"covered":0,"skipped":0,"pct":100}}
,"C:\\Users\\mwana\\Documents\\Andela\\MY-BRAND-FABRICE\\MY-BRAND-FABRICE-BACKEND\\src\\documentation\\allApis\\logInSwagger\\/login.js": {"lines":{"total":2,"covered":2,"skipped":0,"pct":100},"functions":{"total":0,"covered":0,"skipped":0,"pct":100},"statements":{"total":2,"covered":2,"skipped":0,"pct":100},"branches":{"total":0,"covered":0,"skipped":0,"pct":100}}
,"C:\\Users\\mwana\\Documents\\Andela\\MY-BRAND-FABRICE\\MY-BRAND-FABRICE-BACKEND\\src\\documentation\\allApis\\logInSwagger\\/profile.js": {"lines":{"total":2,"covered":2,"skipped":0,"pct":100},"functions":{"total":0,"covered":0,"skipped":0,"pct":100},"statements":{"total":2,"covered":2,"skipped":0,"pct":100},"branches":{"total":0,"covered":0,"skipped":0,"pct":100}}
,"C:\\Users\\mwana\\Documents\\Andela\\MY-BRAND-FABRICE\\MY-BRAND-FABRICE-BACKEND\\src\\documentation\\allApis\\userSwagga\\/countUser.js": {"lines":{"total":2,"covered":2,"skipped":0,"pct":100},"functions":{"total":0,"covered":0,"skipped":0,"pct":100},"statements":{"total":2,"covered":2,"skipped":0,"pct":100},"branches":{"total":0,"covered":0,"skipped":0,"pct":100}}
,"C:\\Users\\mwana\\Documents\\Andela\\MY-BRAND-FABRICE\\MY-BRAND-FABRICE-BACKEND\\src\\documentation\\allApis\\userSwagga\\/deleteUser.js": {"lines":{"total":2,"covered":2,"skipped":0,"pct":100},"functions":{"total":0,"covered":0,"skipped":0,"pct":100},"statements":{"total":2,"covered":2,"skipped":0,"pct":100},"branches":{"total":0,"covered":0,"skipped":0,"pct":100}}
,"C:\\Users\\mwana\\Documents\\Andela\\MY-BRAND-FABRICE\\MY-BRAND-FABRICE-BACKEND\\src\\documentation\\allApis\\userSwagga\\/getUser.js": {"lines":{"total":2,"covered":2,"skipped":0,"pct":100},"functions":{"total":0,"covered":0,"skipped":0,"pct":100},"statements":{"total":2,"covered":2,"skipped":0,"pct":100},"branches":{"total":0,"covered":0,"skipped":0,"pct":100}}
,"C:\\Users\\mwana\\Documents\\Andela\\MY-BRAND-FABRICE\\MY-BRAND-FABRICE-BACKEND\\src\\documentation\\allApis\\userSwagga\\/postUser.js": {"lines":{"total":2,"covered":2,"skipped":0,"pct":100},"functions":{"total":0,"covered":0,"skipped":0,"pct":100},"statements":{"total":2,"covered":2,"skipped":0,"pct":100},"branches":{"total":0,"covered":0,"skipped":0,"pct":100}}
,"C:\\Users\\mwana\\Documents\\Andela\\MY-BRAND-FABRICE\\MY-BRAND-FABRICE-BACKEND\\src\\models\\/blog.js": {"lines":{"total":3,"covered":3,"skipped":0,"pct":100},"functions":{"total":1,"covered":1,"skipped":0,"pct":100},"statements":{"total":5,"covered":5,"skipped":0,"pct":100},"branches":{"total":2,"covered":2,"skipped":0,"pct":100}}
,"C:\\Users\\mwana\\Documents\\Andela\\MY-BRAND-FABRICE\\MY-BRAND-FABRICE-BACKEND\\src\\models\\/contact.js": {"lines":{"total":3,"covered":3,"skipped":0,"pct":100},"functions":{"total":1,"covered":1,"skipped":0,"pct":100},"statements":{"total":5,"covered":5,"skipped":0,"pct":100},"branches":{"total":2,"covered":2,"skipped":0,"pct":100}}
,"C:\\Users\\mwana\\Documents\\Andela\\MY-BRAND-FABRICE\\MY-BRAND-FABRICE-BACKEND\\src\\models\\/user.js": {"lines":{"total":3,"covered":3,"skipped":0,"pct":100},"functions":{"total":0,"covered":0,"skipped":0,"pct":100},"statements":{"total":4,"covered":4,"skipped":0,"pct":100},"branches":{"total":0,"covered":0,"skipped":0,"pct":100}}
,"C:\\Users\\mwana\\Documents\\Andela\\MY-BRAND-FABRICE\\MY-BRAND-FABRICE-BACKEND\\src\\routes\\/blog.js": {"lines":{"total":24,"covered":22,"skipped":0,"pct":91.66},"functions":{"total":3,"covered":1,"skipped":0,"pct":33.33},"statements":{"total":25,"covered":23,"skipped":0,"pct":92},"branches":{"total":2,"covered":2,"skipped":0,"pct":100}}
,"C:\\Users\\mwana\\Documents\\Andela\\MY-BRAND-FABRICE\\MY-BRAND-FABRICE-BACKEND\\src\\routes\\/contact.js": {"lines":{"total":9,"covered":9,"skipped":0,"pct":100},"functions":{"total":1,"covered":1,"skipped":0,"pct":100},"statements":{"total":11,"covered":11,"skipped":0,"pct":100},"branches":{"total":2,"covered":2,"skipped":0,"pct":100}}
,"C:\\Users\\mwana\\Documents\\Andela\\MY-BRAND-FABRICE\\MY-BRAND-FABRICE-BACKEND\\src\\routes\\/login.js": {"lines":{"total":6,"covered":6,"skipped":0,"pct":100},"functions":{"total":1,"covered":1,"skipped":0,"pct":100},"statements":{"total":8,"covered":8,"skipped":0,"pct":100},"branches":{"total":2,"covered":2,"skipped":0,"pct":100}}
,"C:\\Users\\mwana\\Documents\\Andela\\MY-BRAND-FABRICE\\MY-BRAND-FABRICE-BACKEND\\src\\routes\\/user.js": {"lines":{"total":10,"covered":10,"skipped":0,"pct":100},"functions":{"total":1,"covered":1,"skipped":0,"pct":100},"statements":{"total":11,"covered":11,"skipped":0,"pct":100},"branches":{"total":2,"covered":2,"skipped":0,"pct":100}}
}
